This file contains any messages produced by compilers while
running configure, to aid debugging if configure makes a mistake.

It was created by configure, which was
generated by GNU Autoconf 2.59 (OpenPKG-CURRENT).  Invocation command line was

  $ ../configure --prefix=/home/night/S4/PBT/PBT-MPP-TD2-ETUDIANT/pth-2.0.7/install/

## --------- ##
## Platform. ##
## --------- ##

hostname = night-20b7s2ex01
uname -m = x86_64
uname -r = 5.15.91-4-lts
uname -s = Linux
uname -v = #1 SMP Fri, 03 Feb 2023 20:22:45 +0000

/usr/bin/uname -p = unknown
/bin/uname -X     = unknown

/bin/arch              = unknown
/usr/bin/arch -k       = unknown
/usr/convex/getsysinfo = unknown
hostinfo               = unknown
/bin/machine           = unknown
/usr/bin/oslevel       = unknown
/bin/universe          = unknown

PATH: /usr/local/sbin
PATH: /usr/local/bin
PATH: /usr/bin
PATH: /home/night/.dotnet/tools
PATH: /usr/lib/jvm/default/bin
PATH: /usr/bin/site_perl
PATH: /usr/bin/vendor_perl
PATH: /usr/bin/core_perl
PATH: /home/night/.local/bin
PATH: /home/night/.local/lib/python3.10/site-packages
PATH: /home/night/.local/bin
PATH: /home/night/.local/lib/python3.10/site-packages


## ----------- ##
## Core tests. ##
## ----------- ##

configure:1671: result: 
configure:1673: result: [1mBuild Tools:[m
configure:1724: checking for gcc
configure:1740: found /usr/bin/gcc
configure:1750: result: gcc
configure:1994: checking for C compiler version
configure:1997: gcc --version </dev/null >&5
gcc (GCC) 12.2.1 20230201
Copyright (C) 2022 Free Software Foundation, Inc.
This is free software; see the source for copying conditions.  There is NO
warranty; not even for MERCHANTABILITY or FITNESS FOR A PARTICULAR PURPOSE.

configure:2000: $? = 0
configure:2002: gcc -v </dev/null >&5
Using built-in specs.
COLLECT_GCC=gcc
COLLECT_LTO_WRAPPER=/usr/lib/gcc/x86_64-pc-linux-gnu/12.2.1/lto-wrapper
Target: x86_64-pc-linux-gnu
Configured with: /build/gcc/src/gcc/configure --enable-languages=c,c++,ada,fortran,go,lto,objc,obj-c++,d --enable-bootstrap --prefix=/usr --libdir=/usr/lib --libexecdir=/usr/lib --mandir=/usr/share/man --infodir=/usr/share/info --with-bugurl=https://bugs.archlinux.org/ --with-build-config=bootstrap-lto --with-linker-hash-style=gnu --with-system-zlib --enable-__cxa_atexit --enable-cet=auto --enable-checking=release --enable-clocale=gnu --enable-default-pie --enable-default-ssp --enable-gnu-indirect-function --enable-gnu-unique-object --enable-libstdcxx-backtrace --enable-link-serialization=1 --enable-linker-build-id --enable-lto --enable-multilib --enable-plugin --enable-shared --enable-threads=posix --disable-libssp --disable-libstdcxx-pch --disable-werror
Thread model: posix
Supported LTO compression algorithms: zlib zstd
gcc version 12.2.1 20230201 (GCC) 
configure:2005: $? = 0
configure:2007: gcc -V </dev/null >&5
gcc: error: unrecognized command-line option '-V'
gcc: fatal error: no input files
compilation terminated.
configure:2010: $? = 1
configure:2033: checking for C compiler default output file name
configure:2036: gcc -I..   conftest.c  >&5
configure:2039: $? = 0
configure:2085: result: a.out
configure:2090: checking whether the C compiler works
configure:2096: ./a.out
configure:2099: $? = 0
configure:2116: result: yes
configure:2123: checking whether we are cross compiling
configure:2125: result: no
configure:2128: checking for suffix of executables
configure:2130: gcc -o conftest -I..   conftest.c  >&5
configure:2133: $? = 0
configure:2158: result: 
configure:2164: checking for suffix of object files
configure:2185: gcc -c -I..  conftest.c >&5
configure:2188: $? = 0
configure:2210: result: o
configure:2214: checking whether we are using the GNU C compiler
configure:2238: gcc -c -I..  conftest.c >&5
configure:2244: $? = 0
configure:2248: test -z 
			 || test ! -s conftest.err
configure:2251: $? = 0
configure:2254: test -s conftest.o
configure:2257: $? = 0
configure:2270: result: yes
configure:2276: checking whether gcc accepts -g
configure:2297: gcc -c -g  conftest.c >&5
configure:2303: $? = 0
configure:2307: test -z 
			 || test ! -s conftest.err
configure:2310: $? = 0
configure:2313: test -s conftest.o
configure:2316: $? = 0
configure:2327: result: yes
configure:2344: checking for gcc option to accept ANSI C
configure:2414: gcc  -c -I..  conftest.c >&5
configure:2420: $? = 0
configure:2424: test -z 
			 || test ! -s conftest.err
configure:2427: $? = 0
configure:2430: test -s conftest.o
configure:2433: $? = 0
configure:2451: result: none needed
configure:2469: gcc -c -I..  conftest.c >&5
conftest.c:2:3: error: unknown type name 'choke'
    2 |   choke me
      |   ^~~~~
conftest.c:2:3: error: expected '=', ',', ';', 'asm' or '__attribute__' at end of input
configure:2475: $? = 1
configure: failed program was:
| #ifndef __cplusplus
|   choke me
| #endif
configure:2613: checking how to run the C preprocessor
configure:2648: gcc -E  conftest.c
configure:2654: $? = 0
configure:2686: gcc -E  conftest.c
conftest.c:9:10: fatal error: ac_nonexistent.h: No such file or directory
    9 | #include <ac_nonexistent.h>
      |          ^~~~~~~~~~~~~~~~~~
compilation terminated.
configure:2692: $? = 1
configure: failed program was:
| /* confdefs.h.  */
| 
| #define PACKAGE_NAME ""
| #define PACKAGE_TARNAME ""
| #define PACKAGE_VERSION ""
| #define PACKAGE_STRING ""
| #define PACKAGE_BUGREPORT ""
| /* end confdefs.h.  */
| #include <ac_nonexistent.h>
configure:2731: result: gcc -E
configure:2755: gcc -E  conftest.c
configure:2761: $? = 0
configure:2793: gcc -E  conftest.c
conftest.c:9:10: fatal error: ac_nonexistent.h: No such file or directory
    9 | #include <ac_nonexistent.h>
      |          ^~~~~~~~~~~~~~~~~~
compilation terminated.
configure:2799: $? = 1
configure: failed program was:
| /* confdefs.h.  */
| 
| #define PACKAGE_NAME ""
| #define PACKAGE_TARNAME ""
| #define PACKAGE_VERSION ""
| #define PACKAGE_STRING ""
| #define PACKAGE_BUGREPORT ""
| /* end confdefs.h.  */
| #include <ac_nonexistent.h>
configure:2842: checking for egrep
configure:2852: result: grep -E
configure:2857: checking whether make sets $(MAKE)
configure:2877: result: yes
configure:3029: checking for compiler option -pipe
configure:3052: result: yes
configure:3067: checking for compilation debug mode
configure:3069: result: disabled
configure:3075: checking for compilation profile mode
configure:3094: result: disabled
configure:3239: checking for compilation optimization mode
configure:3241: result: disabled
configure:3818: checking build system type
configure:3836: result: x86_64-unknown-linux-gnu
configure:3844: checking host system type
configure:3858: result: x86_64-unknown-linux-gnu
configure:3866: checking for a sed that does not truncate output
configure:3920: result: /usr/bin/sed
configure:3934: checking for ld used by gcc
configure:4001: result: /usr/bin/ld
configure:4010: checking if the linker (/usr/bin/ld) is GNU ld
configure:4025: result: yes
configure:4030: checking for /usr/bin/ld option to reload object files
configure:4037: result: -r
configure:4055: checking for BSD-compatible nm
configure:4104: result: /usr/bin/nm -B
configure:4108: checking whether ln -s works
configure:4112: result: yes
configure:4119: checking how to recognise dependent libraries
configure:4295: result: pass_all
configure:4383: gcc -c -I.. -pipe  conftest.c >&5
configure:4386: $? = 0
configure:4528: checking for ANSI C header files
configure:4553: gcc -c -I.. -pipe  conftest.c >&5
configure:4559: $? = 0
configure:4563: test -z 
			 || test ! -s conftest.err
configure:4566: $? = 0
configure:4569: test -s conftest.o
configure:4572: $? = 0
configure:4661: gcc -o conftest -I.. -pipe   conftest.c  >&5
conftest.c: In function 'main':
conftest.c:26:7: warning: implicit declaration of function 'exit' [-Wimplicit-function-declaration]
   26 |       exit(2);
      |       ^~~~
conftest.c:10:1: note: include '<stdlib.h>' or provide a declaration of 'exit'
    9 | #include <ctype.h>
  +++ |+#include <stdlib.h>
   10 | #if ((' ' & 0x0FF) == 0x020)
conftest.c:26:7: warning: incompatible implicit declaration of built-in function 'exit' [-Wbuiltin-declaration-mismatch]
   26 |       exit(2);
      |       ^~~~
conftest.c:26:7: note: include '<stdlib.h>' or provide a declaration of 'exit'
conftest.c:27:3: warning: incompatible implicit declaration of built-in function 'exit' [-Wbuiltin-declaration-mismatch]
   27 |   exit (0);
      |   ^~~~
conftest.c:27:3: note: include '<stdlib.h>' or provide a declaration of 'exit'
configure:4664: $? = 0
configure:4666: ./conftest
configure:4669: $? = 0
configure:4684: result: yes
configure:4708: checking for sys/types.h
configure:4724: gcc -c -I.. -pipe  conftest.c >&5
configure:4730: $? = 0
configure:4734: test -z 
			 || test ! -s conftest.err
configure:4737: $? = 0
configure:4740: test -s conftest.o
configure:4743: $? = 0
configure:4754: result: yes
configure:4708: checking for sys/stat.h
configure:4724: gcc -c -I.. -pipe  conftest.c >&5
configure:4730: $? = 0
configure:4734: test -z 
			 || test ! -s conftest.err
configure:4737: $? = 0
configure:4740: test -s conftest.o
configure:4743: $? = 0
configure:4754: result: yes
configure:4708: checking for stdlib.h
configure:4724: gcc -c -I.. -pipe  conftest.c >&5
configure:4730: $? = 0
configure:4734: test -z 
			 || test ! -s conftest.err
configure:4737: $? = 0
configure:4740: test -s conftest.o
configure:4743: $? = 0
configure:4754: result: yes
configure:4708: checking for string.h
configure:4724: gcc -c -I.. -pipe  conftest.c >&5
configure:4730: $? = 0
configure:4734: test -z 
			 || test ! -s conftest.err
configure:4737: $? = 0
configure:4740: test -s conftest.o
configure:4743: $? = 0
configure:4754: result: yes
configure:4708: checking for memory.h
configure:4724: gcc -c -I.. -pipe  conftest.c >&5
configure:4730: $? = 0
configure:4734: test -z 
			 || test ! -s conftest.err
configure:4737: $? = 0
configure:4740: test -s conftest.o
configure:4743: $? = 0
configure:4754: result: yes
configure:4708: checking for strings.h
configure:4724: gcc -c -I.. -pipe  conftest.c >&5
configure:4730: $? = 0
configure:4734: test -z 
			 || test ! -s conftest.err
configure:4737: $? = 0
configure:4740: test -s conftest.o
configure:4743: $? = 0
configure:4754: result: yes
configure:4708: checking for inttypes.h
configure:4724: gcc -c -I.. -pipe  conftest.c >&5
configure:4730: $? = 0
configure:4734: test -z 
			 || test ! -s conftest.err
configure:4737: $? = 0
configure:4740: test -s conftest.o
configure:4743: $? = 0
configure:4754: result: yes
configure:4708: checking for stdint.h
configure:4724: gcc -c -I.. -pipe  conftest.c >&5
configure:4730: $? = 0
configure:4734: test -z 
			 || test ! -s conftest.err
configure:4737: $? = 0
configure:4740: test -s conftest.o
configure:4743: $? = 0
configure:4754: result: yes
configure:4708: checking for unistd.h
configure:4724: gcc -c -I.. -pipe  conftest.c >&5
configure:4730: $? = 0
configure:4734: test -z 
			 || test ! -s conftest.err
configure:4737: $? = 0
configure:4740: test -s conftest.o
configure:4743: $? = 0
configure:4754: result: yes
configure:4780: checking dlfcn.h usability
configure:4792: gcc -c -I.. -pipe  conftest.c >&5
configure:4798: $? = 0
configure:4802: test -z 
			 || test ! -s conftest.err
configure:4805: $? = 0
configure:4808: test -s conftest.o
configure:4811: $? = 0
configure:4821: result: yes
configure:4825: checking dlfcn.h presence
configure:4835: gcc -E  conftest.c
configure:4841: $? = 0
configure:4861: result: yes
configure:4896: checking for dlfcn.h
configure:4903: result: yes
configure:4968: checking for g++
configure:4984: found /usr/bin/g++
configure:4994: result: g++
configure:5010: checking for C++ compiler version
configure:5013: g++ --version </dev/null >&5
g++ (GCC) 12.2.1 20230201
Copyright (C) 2022 Free Software Foundation, Inc.
This is free software; see the source for copying conditions.  There is NO
warranty; not even for MERCHANTABILITY or FITNESS FOR A PARTICULAR PURPOSE.

configure:5016: $? = 0
configure:5018: g++ -v </dev/null >&5
Using built-in specs.
COLLECT_GCC=g++
COLLECT_LTO_WRAPPER=/usr/lib/gcc/x86_64-pc-linux-gnu/12.2.1/lto-wrapper
Target: x86_64-pc-linux-gnu
Configured with: /build/gcc/src/gcc/configure --enable-languages=c,c++,ada,fortran,go,lto,objc,obj-c++,d --enable-bootstrap --prefix=/usr --libdir=/usr/lib --libexecdir=/usr/lib --mandir=/usr/share/man --infodir=/usr/share/info --with-bugurl=https://bugs.archlinux.org/ --with-build-config=bootstrap-lto --with-linker-hash-style=gnu --with-system-zlib --enable-__cxa_atexit --enable-cet=auto --enable-checking=release --enable-clocale=gnu --enable-default-pie --enable-default-ssp --enable-gnu-indirect-function --enable-gnu-unique-object --enable-libstdcxx-backtrace --enable-link-serialization=1 --enable-linker-build-id --enable-lto --enable-multilib --enable-plugin --enable-shared --enable-threads=posix --disable-libssp --disable-libstdcxx-pch --disable-werror
Thread model: posix
Supported LTO compression algorithms: zlib zstd
gcc version 12.2.1 20230201 (GCC) 
configure:5021: $? = 0
configure:5023: g++ -V </dev/null >&5
g++: error: unrecognized command-line option '-V'
g++: fatal error: no input files
compilation terminated.
configure:5026: $? = 1
configure:5029: checking whether we are using the GNU C++ compiler
configure:5053: g++ -c   conftest.cc >&5
configure:5059: $? = 0
configure:5063: test -z 
			 || test ! -s conftest.err
configure:5066: $? = 0
configure:5069: test -s conftest.o
configure:5072: $? = 0
configure:5085: result: yes
configure:5091: checking whether g++ accepts -g
configure:5112: g++ -c -g  conftest.cc >&5
configure:5118: $? = 0
configure:5122: test -z 
			 || test ! -s conftest.err
configure:5125: $? = 0
configure:5128: test -s conftest.o
configure:5131: $? = 0
configure:5142: result: yes
configure:5184: g++ -c -g -O2  conftest.cc >&5
configure:5190: $? = 0
configure:5194: test -z 
			 || test ! -s conftest.err
configure:5197: $? = 0
configure:5200: test -s conftest.o
configure:5203: $? = 0
configure:5229: g++ -c -g -O2  conftest.cc >&5
conftest.cc: In function 'int main()':
conftest.cc:24:1: error: 'exit' was not declared in this scope
   24 | exit (42);
      | ^~~~
conftest.cc:1:1: note: 'exit' is defined in header '<cstdlib>'; did you forget to '#include <cstdlib>'?
    1 | /* confdefs.h.  */
configure:5235: $? = 1
configure: failed program was:
| /* confdefs.h.  */
| 
| #define PACKAGE_NAME ""
| #define PACKAGE_TARNAME ""
| #define PACKAGE_VERSION ""
| #define PACKAGE_STRING ""
| #define PACKAGE_BUGREPORT ""
| #define STDC_HEADERS 1
| #define HAVE_SYS_TYPES_H 1
| #define HAVE_SYS_STAT_H 1
| #define HAVE_STDLIB_H 1
| #define HAVE_STRING_H 1
| #define HAVE_MEMORY_H 1
| #define HAVE_STRINGS_H 1
| #define HAVE_INTTYPES_H 1
| #define HAVE_STDINT_H 1
| #define HAVE_UNISTD_H 1
| #define HAVE_DLFCN_H 1
| /* end confdefs.h.  */
| 
| int
| main ()
| {
| exit (42);
|   ;
|   return 0;
| }
configure:5184: g++ -c -g -O2  conftest.cc >&5
conftest.cc:20:17: warning: 'void std::exit(int)' has not been declared within 'std'
   20 | extern "C" void std::exit (int) throw (); using std::exit;
      |                 ^~~
<built-in>: note: only here as a 'friend'
configure:5190: $? = 0
configure:5194: test -z 
			 || test ! -s conftest.err
configure:5197: $? = 0
configure:5200: test -s conftest.o
configure:5203: $? = 0
configure:5229: g++ -c -g -O2  conftest.cc >&5
conftest.cc:20:17: warning: 'void std::exit(int)' has not been declared within 'std'
   20 | extern "C" void std::exit (int) throw (); using std::exit;
      |                 ^~~
<built-in>: note: only here as a 'friend'
configure:5235: $? = 0
configure:5239: test -z 
			 || test ! -s conftest.err
configure:5242: $? = 0
configure:5245: test -s conftest.o
configure:5248: $? = 0
configure:5281: checking how to run the C++ preprocessor
configure:5312: g++ -E  conftest.cc
configure:5318: $? = 0
configure:5350: g++ -E  conftest.cc
conftest.cc:23:10: fatal error: ac_nonexistent.h: No such file or directory
   23 | #include <ac_nonexistent.h>
      |          ^~~~~~~~~~~~~~~~~~
compilation terminated.
configure:5356: $? = 1
configure: failed program was:
| /* confdefs.h.  */
| 
| #define PACKAGE_NAME ""
| #define PACKAGE_TARNAME ""
| #define PACKAGE_VERSION ""
| #define PACKAGE_STRING ""
| #define PACKAGE_BUGREPORT ""
| #define STDC_HEADERS 1
| #define HAVE_SYS_TYPES_H 1
| #define HAVE_SYS_STAT_H 1
| #define HAVE_STDLIB_H 1
| #define HAVE_STRING_H 1
| #define HAVE_MEMORY_H 1
| #define HAVE_STRINGS_H 1
| #define HAVE_INTTYPES_H 1
| #define HAVE_STDINT_H 1
| #define HAVE_UNISTD_H 1
| #define HAVE_DLFCN_H 1
| #ifdef __cplusplus
| extern "C" void std::exit (int) throw (); using std::exit;
| #endif
| /* end confdefs.h.  */
| #include <ac_nonexistent.h>
configure:5395: result: g++ -E
configure:5419: g++ -E  conftest.cc
configure:5425: $? = 0
configure:5457: g++ -E  conftest.cc
conftest.cc:23:10: fatal error: ac_nonexistent.h: No such file or directory
   23 | #include <ac_nonexistent.h>
      |          ^~~~~~~~~~~~~~~~~~
compilation terminated.
configure:5463: $? = 1
configure: failed program was:
| /* confdefs.h.  */
| 
| #define PACKAGE_NAME ""
| #define PACKAGE_TARNAME ""
| #define PACKAGE_VERSION ""
| #define PACKAGE_STRING ""
| #define PACKAGE_BUGREPORT ""
| #define STDC_HEADERS 1
| #define HAVE_SYS_TYPES_H 1
| #define HAVE_SYS_STAT_H 1
| #define HAVE_STDLIB_H 1
| #define HAVE_STRING_H 1
| #define HAVE_MEMORY_H 1
| #define HAVE_STRINGS_H 1
| #define HAVE_INTTYPES_H 1
| #define HAVE_STDINT_H 1
| #define HAVE_UNISTD_H 1
| #define HAVE_DLFCN_H 1
| #ifdef __cplusplus
| extern "C" void std::exit (int) throw (); using std::exit;
| #endif
| /* end confdefs.h.  */
| #include <ac_nonexistent.h>
configure:5560: checking for g77
configure:5589: result: no
configure:5560: checking for f77
configure:5589: result: no
configure:5560: checking for xlf
configure:5589: result: no
configure:5560: checking for frt
configure:5589: result: no
configure:5560: checking for pgf77
configure:5589: result: no
configure:5560: checking for fort77
configure:5589: result: no
configure:5560: checking for fl32
configure:5589: result: no
configure:5560: checking for af77
configure:5589: result: no
configure:5560: checking for f90
configure:5589: result: no
configure:5560: checking for xlf90
configure:5589: result: no
configure:5560: checking for pgf90
configure:5589: result: no
configure:5560: checking for epcf90
configure:5589: result: no
configure:5560: checking for f95
configure:5576: found /usr/bin/f95
configure:5586: result: f95
configure:5601: checking for Fortran 77 compiler version
configure:5604: f95 --version </dev/null >&5
GNU Fortran (GCC) 12.2.1 20230201
Copyright (C) 2022 Free Software Foundation, Inc.
This is free software; see the source for copying conditions.  There is NO
warranty; not even for MERCHANTABILITY or FITNESS FOR A PARTICULAR PURPOSE.

configure:5607: $? = 0
configure:5609: f95 -v </dev/null >&5
Using built-in specs.
COLLECT_GCC=f95
COLLECT_LTO_WRAPPER=/usr/lib/gcc/x86_64-pc-linux-gnu/12.2.1/lto-wrapper
Target: x86_64-pc-linux-gnu
Configured with: /build/gcc/src/gcc/configure --enable-languages=c,c++,ada,fortran,go,lto,objc,obj-c++,d --enable-bootstrap --prefix=/usr --libdir=/usr/lib --libexecdir=/usr/lib --mandir=/usr/share/man --infodir=/usr/share/info --with-bugurl=https://bugs.archlinux.org/ --with-build-config=bootstrap-lto --with-linker-hash-style=gnu --with-system-zlib --enable-__cxa_atexit --enable-cet=auto --enable-checking=release --enable-clocale=gnu --enable-default-pie --enable-default-ssp --enable-gnu-indirect-function --enable-gnu-unique-object --enable-libstdcxx-backtrace --enable-link-serialization=1 --enable-linker-build-id --enable-lto --enable-multilib --enable-plugin --enable-shared --enable-threads=posix --disable-libssp --disable-libstdcxx-pch --disable-werror
Thread model: posix
Supported LTO compression algorithms: zlib zstd
gcc version 12.2.1 20230201 (GCC) 
configure:5612: $? = 0
configure:5614: f95 -V </dev/null >&5
f95: error: unrecognized command-line option '-V'
f95: fatal error: no input files
compilation terminated.
configure:5617: $? = 1
configure:5625: checking whether we are using the GNU Fortran 77 compiler
configure:5639: f95 -c  conftest.F >&5
configure:5645: $? = 0
configure:5649: test -z 
			 || test ! -s conftest.err
configure:5652: $? = 0
configure:5655: test -s conftest.o
configure:5658: $? = 0
configure:5671: result: yes
configure:5677: checking whether f95 accepts -g
configure:5689: f95 -c -g conftest.f >&5
configure:5695: $? = 0
configure:5699: test -z 
			 || test ! -s conftest.err
configure:5702: $? = 0
configure:5705: test -s conftest.o
configure:5708: $? = 0
configure:5720: result: yes
configure:5750: checking the maximum length of command line arguments
configure:5859: result: 32768
configure:5870: checking command to parse /usr/bin/nm -B output from gcc object
configure:5975: gcc -c -I.. -pipe  conftest.c >&5
configure:5978: $? = 0
configure:5982: /usr/bin/nm -B conftest.o \| sed -n -e 's/^.*[ 	]\([ABCDGIRSTW][ABCDGIRSTW]*\)[ 	][ 	]*\([_A-Za-z][_A-Za-z0-9]*\)$/\1 \2 \2/p' \> conftest.nm
configure:5985: $? = 0
configure:6037: gcc -o conftest -I.. -pipe   conftest.c conftstm.o >&5
configure:6040: $? = 0
configure:6078: result: ok
configure:6082: checking for objdir
configure:6097: result: .libs
configure:6187: checking for ar
configure:6203: found /usr/bin/ar
configure:6214: result: ar
configure:6267: checking for ranlib
configure:6283: found /usr/bin/ranlib
configure:6294: result: ranlib
configure:6347: checking for strip
configure:6363: found /usr/bin/strip
configure:6374: result: strip
configure:6650: checking if gcc supports -fno-rtti -fno-exceptions
configure:6668: gcc -c -I.. -pipe  -fno-rtti -fno-exceptions conftest.c >&5
cc1: warning: command-line option '-fno-rtti' is valid for C++/D/ObjC++ but not for C
configure:6672: $? = 0
configure:6685: result: no
configure:6700: checking for gcc option to produce PIC
configure:6910: result: -fPIC
configure:6918: checking if gcc PIC flag -fPIC works
configure:6936: gcc -c -I.. -pipe  -fPIC -DPIC conftest.c >&5
configure:6940: $? = 0
configure:6953: result: yes
configure:6981: checking if gcc static flag -static works
configure:7009: result: yes
configure:7019: checking if gcc supports -c -o file.o
configure:7040: gcc -c -I.. -pipe  -o out/conftest2.o conftest.c >&5
configure:7044: $? = 0
configure:7066: result: yes
configure:7092: checking whether the gcc linker (/usr/bin/ld -m elf_x86_64) supports shared libraries
configure:8050: result: yes
configure:8071: checking whether -lc should be explicitly linked in
configure:8076: gcc -c -I.. -pipe  conftest.c >&5
configure:8079: $? = 0
configure:8094: gcc -shared conftest.o  -v -Wl,-soname -Wl,conftest -o conftest 2\>\&1 \| grep  -lc  \>/dev/null 2\>\&1
configure:8097: $? = 0
configure:8109: result: no
configure:8117: checking dynamic linker characteristics
configure:8705: result: GNU/Linux ld.so
configure:8714: checking how to hardcode library paths into programs
configure:8739: result: immediate
configure:8753: checking whether stripping libraries is possible
configure:8758: result: yes
configure:9592: checking if libtool supports shared libraries
configure:9594: result: yes
configure:9597: checking whether to build shared libraries
configure:9618: result: yes
configure:9621: checking whether to build static libraries
configure:9625: result: yes
configure:9717: creating libtool
configure:10305: checking for ld used by g++
configure:10372: result: /usr/bin/ld -m elf_x86_64
configure:10381: checking if the linker (/usr/bin/ld -m elf_x86_64) is GNU ld
configure:10396: result: yes
configure:10447: checking whether the g++ linker (/usr/bin/ld -m elf_x86_64) supports shared libraries
configure:11385: result: yes
configure:11407: g++ -c -g -O2  conftest.cpp >&5
configure:11410: $? = 0
configure:11529: checking for g++ option to produce PIC
configure:11803: result: -fPIC
configure:11811: checking if g++ PIC flag -fPIC works
configure:11829: g++ -c -g -O2  -fPIC -DPIC conftest.cpp >&5
configure:11833: $? = 0
configure:11846: result: yes
configure:11874: checking if g++ static flag -static works
configure:11902: result: yes
configure:11912: checking if g++ supports -c -o file.o
configure:11933: g++ -c -g -O2  -o out/conftest2.o conftest.cpp >&5
configure:11937: $? = 0
configure:11959: result: yes
configure:11985: checking whether the g++ linker (/usr/bin/ld -m elf_x86_64) supports shared libraries
configure:12010: result: yes
configure:12077: checking dynamic linker characteristics
configure:12665: result: GNU/Linux ld.so
configure:12674: checking how to hardcode library paths into programs
configure:12699: result: immediate
configure:13225: checking if libtool supports shared libraries
configure:13227: result: yes
configure:13230: checking whether to build shared libraries
configure:13250: result: yes
configure:13253: checking whether to build static libraries
configure:13257: result: yes
configure:13267: checking for f95 option to produce PIC
configure:13477: result: -fPIC
configure:13485: checking if f95 PIC flag -fPIC works
configure:13503: f95 -c -g -O2 -fPIC conftest.f >&5
configure:13507: $? = 0
configure:13520: result: yes
configure:13548: checking if f95 static flag -static works
configure:13576: result: no
configure:13586: checking if f95 supports -c -o file.o
configure:13607: f95 -c -g -O2 -o out/conftest2.o conftest.f >&5
configure:13611: $? = 0
configure:13633: result: yes
configure:13659: checking whether the f95 linker (/usr/bin/ld -m elf_x86_64) supports shared libraries
configure:14597: result: yes
configure:14664: checking dynamic linker characteristics
configure:15252: result: GNU/Linux ld.so
configure:15261: checking how to hardcode library paths into programs
configure:15286: result: immediate
configure:19023: result: 
configure:19025: result: [1mMandatory Platform Environment:[m
configure:19030: checking for ANSI C header files
configure:19186: result: yes
configure:19223: checking stdio.h usability
configure:19235: gcc -c -I.. -pipe  conftest.c >&5
configure:19241: $? = 0
configure:19245: test -z 
			 || test ! -s conftest.err
configure:19248: $? = 0
configure:19251: test -s conftest.o
configure:19254: $? = 0
configure:19264: result: yes
configure:19268: checking stdio.h presence
configure:19278: gcc -E  conftest.c
configure:19284: $? = 0
configure:19304: result: yes
configure:19339: checking for stdio.h
configure:19346: result: yes
configure:19214: checking for stdlib.h
configure:19219: result: yes
configure:19223: checking stdarg.h usability
configure:19235: gcc -c -I.. -pipe  conftest.c >&5
configure:19241: $? = 0
configure:19245: test -z 
			 || test ! -s conftest.err
configure:19248: $? = 0
configure:19251: test -s conftest.o
configure:19254: $? = 0
configure:19264: result: yes
configure:19268: checking stdarg.h presence
configure:19278: gcc -E  conftest.c
configure:19284: $? = 0
configure:19304: result: yes
configure:19339: checking for stdarg.h
configure:19346: result: yes
configure:19214: checking for string.h
configure:19219: result: yes
configure:19223: checking signal.h usability
configure:19235: gcc -c -I.. -pipe  conftest.c >&5
configure:19241: $? = 0
configure:19245: test -z 
			 || test ! -s conftest.err
configure:19248: $? = 0
configure:19251: test -s conftest.o
configure:19254: $? = 0
configure:19264: result: yes
configure:19268: checking signal.h presence
configure:19278: gcc -E  conftest.c
configure:19284: $? = 0
configure:19304: result: yes
configure:19339: checking for signal.h
configure:19346: result: yes
configure:19214: checking for unistd.h
configure:19219: result: yes
configure:19223: checking setjmp.h usability
configure:19235: gcc -c -I.. -pipe  conftest.c >&5
configure:19241: $? = 0
configure:19245: test -z 
			 || test ! -s conftest.err
configure:19248: $? = 0
configure:19251: test -s conftest.o
configure:19254: $? = 0
configure:19264: result: yes
configure:19268: checking setjmp.h presence
configure:19278: gcc -E  conftest.c
configure:19284: $? = 0
configure:19304: result: yes
configure:19339: checking for setjmp.h
configure:19346: result: yes
configure:19223: checking fcntl.h usability
configure:19235: gcc -c -I.. -pipe  conftest.c >&5
configure:19241: $? = 0
configure:19245: test -z 
			 || test ! -s conftest.err
configure:19248: $? = 0
configure:19251: test -s conftest.o
configure:19254: $? = 0
configure:19264: result: yes
configure:19268: checking fcntl.h presence
configure:19278: gcc -E  conftest.c
configure:19284: $? = 0
configure:19304: result: yes
configure:19339: checking for fcntl.h
configure:19346: result: yes
configure:19223: checking errno.h usability
configure:19235: gcc -c -I.. -pipe  conftest.c >&5
configure:19241: $? = 0
configure:19245: test -z 
			 || test ! -s conftest.err
configure:19248: $? = 0
configure:19251: test -s conftest.o
configure:19254: $? = 0
configure:19264: result: yes
configure:19268: checking errno.h presence
configure:19278: gcc -E  conftest.c
configure:19284: $? = 0
configure:19304: result: yes
configure:19339: checking for errno.h
configure:19346: result: yes
configure:19214: checking for sys/types.h
configure:19219: result: yes
configure:19223: checking sys/time.h usability
configure:19235: gcc -c -I.. -pipe  conftest.c >&5
configure:19241: $? = 0
configure:19245: test -z 
			 || test ! -s conftest.err
configure:19248: $? = 0
configure:19251: test -s conftest.o
configure:19254: $? = 0
configure:19264: result: yes
configure:19268: checking sys/time.h presence
configure:19278: gcc -E  conftest.c
configure:19284: $? = 0
configure:19304: result: yes
configure:19339: checking for sys/time.h
configure:19346: result: yes
configure:19223: checking sys/wait.h usability
configure:19235: gcc -c -I.. -pipe  conftest.c >&5
configure:19241: $? = 0
configure:19245: test -z 
			 || test ! -s conftest.err
configure:19248: $? = 0
configure:19251: test -s conftest.o
configure:19254: $? = 0
configure:19264: result: yes
configure:19268: checking sys/wait.h presence
configure:19278: gcc -E  conftest.c
configure:19284: $? = 0
configure:19304: result: yes
configure:19339: checking for sys/wait.h
configure:19346: result: yes
configure:19214: checking for sys/stat.h
configure:19219: result: yes
configure:19223: checking sys/socket.h usability
configure:19235: gcc -c -I.. -pipe  conftest.c >&5
configure:19241: $? = 0
configure:19245: test -z 
			 || test ! -s conftest.err
configure:19248: $? = 0
configure:19251: test -s conftest.o
configure:19254: $? = 0
configure:19264: result: yes
configure:19268: checking sys/socket.h presence
configure:19278: gcc -E  conftest.c
configure:19284: $? = 0
configure:19304: result: yes
configure:19339: checking for sys/socket.h
configure:19346: result: yes
configure:19368: checking for gettimeofday
configure:19425: gcc -o conftest -I.. -pipe   conftest.c  >&5
configure:19431: $? = 0
configure:19435: test -z 
			 || test ! -s conftest.err
configure:19438: $? = 0
configure:19441: test -s conftest
configure:19444: $? = 0
configure:19456: result: yes
configure:19368: checking for select
configure:19425: gcc -o conftest -I.. -pipe   conftest.c  >&5
configure:19431: $? = 0
configure:19435: test -z 
			 || test ! -s conftest.err
configure:19438: $? = 0
configure:19441: test -s conftest
configure:19444: $? = 0
configure:19456: result: yes
configure:19368: checking for sigaction
configure:19425: gcc -o conftest -I.. -pipe   conftest.c  >&5
configure:19431: $? = 0
configure:19435: test -z 
			 || test ! -s conftest.err
configure:19438: $? = 0
configure:19441: test -s conftest
configure:19444: $? = 0
configure:19456: result: yes
configure:19368: checking for sigprocmask
configure:19425: gcc -o conftest -I.. -pipe   conftest.c  >&5
configure:19431: $? = 0
configure:19435: test -z 
			 || test ! -s conftest.err
configure:19438: $? = 0
configure:19441: test -s conftest
configure:19444: $? = 0
configure:19456: result: yes
configure:19368: checking for sigpending
configure:19425: gcc -o conftest -I.. -pipe   conftest.c  >&5
configure:19431: $? = 0
configure:19435: test -z 
			 || test ! -s conftest.err
configure:19438: $? = 0
configure:19441: test -s conftest
configure:19444: $? = 0
configure:19456: result: yes
configure:19368: checking for sigsuspend
configure:19425: gcc -o conftest -I.. -pipe   conftest.c  >&5
configure:19431: $? = 0
configure:19435: test -z 
			 || test ! -s conftest.err
configure:19438: $? = 0
configure:19441: test -s conftest
configure:19444: $? = 0
configure:19456: result: yes
configure:19515: result: decision on mandatory system headers and functions... [1mall fine[m
configure:19523: result: 
configure:19525: result: [1mOptional Platform Environment:[m
configure:19530: checking for number of signals
configure:19572: gcc -o conftest -I.. -pipe   conftest.c  >&5
conftest.c: In function 'main':
conftest.c:64:9: warning: implicit declaration of function 'exit' [-Wimplicit-function-declaration]
   64 |         exit(1);
      |         ^~~~
conftest.c:48:1: note: include '<stdlib.h>' or provide a declaration of 'exit'
   47 | #include <signal.h>
  +++ |+#include <stdlib.h>
   48 | 
conftest.c:64:9: warning: incompatible implicit declaration of built-in function 'exit' [-Wbuiltin-declaration-mismatch]
   64 |         exit(1);
      |         ^~~~
conftest.c:64:9: note: include '<stdlib.h>' or provide a declaration of 'exit'
conftest.c:67:5: warning: incompatible implicit declaration of built-in function 'exit' [-Wbuiltin-declaration-mismatch]
   67 |     exit(0);
      |     ^~~~
conftest.c:67:5: note: include '<stdlib.h>' or provide a declaration of 'exit'
configure:19575: $? = 0
configure:19577: ./conftest
configure:19580: $? = 0
configure:19593: result: 65
configure:19602: checking for default value of FD_SETSIZE
configure:19638: gcc -o conftest -I.. -pipe   conftest.c  >&5
conftest.c: In function 'main':
conftest.c:59:9: warning: implicit declaration of function 'exit' [-Wimplicit-function-declaration]
   59 |         exit(1);
      |         ^~~~
conftest.c:49:1: note: include '<stdlib.h>' or provide a declaration of 'exit'
   48 | #include <unistd.h>
  +++ |+#include <stdlib.h>
   49 | int main(int argc, char *argv[])
conftest.c:59:9: warning: incompatible implicit declaration of built-in function 'exit' [-Wbuiltin-declaration-mismatch]
   59 |         exit(1);
      |         ^~~~
conftest.c:59:9: note: include '<stdlib.h>' or provide a declaration of 'exit'
conftest.c:62:5: warning: incompatible implicit declaration of built-in function 'exit' [-Wbuiltin-declaration-mismatch]
   62 |     exit(0);
      |     ^~~~
conftest.c:62:5: note: include '<stdlib.h>' or provide a declaration of 'exit'
configure:19641: $? = 0
configure:19643: ./conftest
configure:19646: $? = 0
configure:19659: result: 1024
configure:19689: checking for poll
configure:19746: gcc -o conftest -I.. -pipe   conftest.c  >&5
configure:19752: $? = 0
configure:19756: test -z 
			 || test ! -s conftest.err
configure:19759: $? = 0
configure:19762: test -s conftest
configure:19765: $? = 0
configure:19777: result: yes
configure:19787: checking for define POLLIN in poll.h
configure:19814: result: yes
configure:19824: checking whether poll(2) facility has to be faked
configure:19865: result: no
configure:19882: checking sys/uio.h usability
configure:19894: gcc -c -I.. -pipe  conftest.c >&5
configure:19900: $? = 0
configure:19904: test -z 
			 || test ! -s conftest.err
configure:19907: $? = 0
configure:19910: test -s conftest.o
configure:19913: $? = 0
configure:19923: result: yes
configure:19927: checking sys/uio.h presence
configure:19937: gcc -E  conftest.c
configure:19943: $? = 0
configure:19963: result: yes
configure:19998: checking for sys/uio.h
configure:20005: result: yes
configure:20023: checking for readv
configure:20080: gcc -o conftest -I.. -pipe   conftest.c  >&5
configure:20086: $? = 0
configure:20090: test -z 
			 || test ! -s conftest.err
configure:20093: $? = 0
configure:20096: test -s conftest
configure:20099: $? = 0
configure:20111: result: yes
configure:20023: checking for writev
configure:20080: gcc -o conftest -I.. -pipe   conftest.c  >&5
configure:20086: $? = 0
configure:20090: test -z 
			 || test ! -s conftest.err
configure:20093: $? = 0
configure:20096: test -s conftest
configure:20099: $? = 0
configure:20111: result: yes
configure:20121: checking whether readv(2)/writev(2) facility has to be faked
configure:20162: result: no
configure:20170: checking for usleep
configure:20227: gcc -o conftest -I.. -pipe   conftest.c  >&5
configure:20233: $? = 0
configure:20237: test -z 
			 || test ! -s conftest.err
configure:20240: $? = 0
configure:20243: test -s conftest
configure:20246: $? = 0
configure:20258: result: yes
configure:20170: checking for strerror
configure:20227: gcc -o conftest -I.. -pipe   conftest.c  >&5
configure:20233: $? = 0
configure:20237: test -z 
			 || test ! -s conftest.err
configure:20240: $? = 0
configure:20243: test -s conftest
configure:20246: $? = 0
configure:20258: result: yes
configure:20285: checking sys/resource.h usability
configure:20297: gcc -c -I.. -pipe  conftest.c >&5
configure:20303: $? = 0
configure:20307: test -z 
			 || test ! -s conftest.err
configure:20310: $? = 0
configure:20313: test -s conftest.o
configure:20316: $? = 0
configure:20326: result: yes
configure:20330: checking sys/resource.h presence
configure:20340: gcc -E  conftest.c
configure:20346: $? = 0
configure:20366: result: yes
configure:20401: checking for sys/resource.h
configure:20408: result: yes
configure:20285: checking net/errno.h usability
configure:20297: gcc -c -I.. -pipe  conftest.c >&5
conftest.c:87:10: fatal error: net/errno.h: No such file or directory
   87 | #include <net/errno.h>
      |          ^~~~~~~~~~~~~
compilation terminated.
configure:20303: $? = 1
configure: failed program was:
| /* confdefs.h.  */
| 
| #define PACKAGE_NAME ""
| #define PACKAGE_TARNAME ""
| #define PACKAGE_VERSION ""
| #define PACKAGE_STRING ""
| #define PACKAGE_BUGREPORT ""
| #define STDC_HEADERS 1
| #define HAVE_SYS_TYPES_H 1
| #define HAVE_SYS_STAT_H 1
| #define HAVE_STDLIB_H 1
| #define HAVE_STRING_H 1
| #define HAVE_MEMORY_H 1
| #define HAVE_STRINGS_H 1
| #define HAVE_INTTYPES_H 1
| #define HAVE_STDINT_H 1
| #define HAVE_UNISTD_H 1
| #define HAVE_DLFCN_H 1
| #ifdef __cplusplus
| extern "C" void std::exit (int) throw (); using std::exit;
| #endif
| #define STDC_HEADERS 1
| #define HAVE_STDIO_H 1
| #define HAVE_STDLIB_H 1
| #define HAVE_STDARG_H 1
| #define HAVE_STRING_H 1
| #define HAVE_SIGNAL_H 1
| #define HAVE_UNISTD_H 1
| #define HAVE_SETJMP_H 1
| #define HAVE_FCNTL_H 1
| #define HAVE_ERRNO_H 1
| #define HAVE_SYS_TYPES_H 1
| #define HAVE_SYS_TIME_H 1
| #define HAVE_SYS_WAIT_H 1
| #define HAVE_SYS_STAT_H 1
| #define HAVE_SYS_SOCKET_H 1
| #define HAVE_GETTIMEOFDAY 1
| #define HAVE_SELECT 1
| #define HAVE_SIGACTION 1
| #define HAVE_SIGPROCMASK 1
| #define HAVE_SIGPENDING 1
| #define HAVE_SIGSUSPEND 1
| #define PTH_NSIG 65
| #define HAVE_POLL 1
| #define HAVE_POLLIN 1
| #define HAVE_SYS_UIO_H 1
| #define HAVE_READV 1
| #define HAVE_WRITEV 1
| #define HAVE_USLEEP 1
| #define HAVE_STRERROR 1
| #define HAVE_SYS_RESOURCE_H 1
| /* end confdefs.h.  */
| #include <stdio.h>
| #if HAVE_SYS_TYPES_H
| # include <sys/types.h>
| #endif
| #if HAVE_SYS_STAT_H
| # include <sys/stat.h>
| #endif
| #if STDC_HEADERS
| # include <stdlib.h>
| # include <stddef.h>
| #else
| # if HAVE_STDLIB_H
| #  include <stdlib.h>
| # endif
| #endif
| #if HAVE_STRING_H
| # if !STDC_HEADERS && HAVE_MEMORY_H
| #  include <memory.h>
| # endif
| # include <string.h>
| #endif
| #if HAVE_STRINGS_H
| # include <strings.h>
| #endif
| #if HAVE_INTTYPES_H
| # include <inttypes.h>
| #else
| # if HAVE_STDINT_H
| #  include <stdint.h>
| # endif
| #endif
| #if HAVE_UNISTD_H
| # include <unistd.h>
| #endif
| #include <net/errno.h>
configure:20326: result: no
configure:20330: checking net/errno.h presence
configure:20340: gcc -E  conftest.c
conftest.c:53:10: fatal error: net/errno.h: No such file or directory
   53 | #include <net/errno.h>
      |          ^~~~~~~~~~~~~
compilation terminated.
configure:20346: $? = 1
configure: failed program was:
| /* confdefs.h.  */
| 
| #define PACKAGE_NAME ""
| #define PACKAGE_TARNAME ""
| #define PACKAGE_VERSION ""
| #define PACKAGE_STRING ""
| #define PACKAGE_BUGREPORT ""
| #define STDC_HEADERS 1
| #define HAVE_SYS_TYPES_H 1
| #define HAVE_SYS_STAT_H 1
| #define HAVE_STDLIB_H 1
| #define HAVE_STRING_H 1
| #define HAVE_MEMORY_H 1
| #define HAVE_STRINGS_H 1
| #define HAVE_INTTYPES_H 1
| #define HAVE_STDINT_H 1
| #define HAVE_UNISTD_H 1
| #define HAVE_DLFCN_H 1
| #ifdef __cplusplus
| extern "C" void std::exit (int) throw (); using std::exit;
| #endif
| #define STDC_HEADERS 1
| #define HAVE_STDIO_H 1
| #define HAVE_STDLIB_H 1
| #define HAVE_STDARG_H 1
| #define HAVE_STRING_H 1
| #define HAVE_SIGNAL_H 1
| #define HAVE_UNISTD_H 1
| #define HAVE_SETJMP_H 1
| #define HAVE_FCNTL_H 1
| #define HAVE_ERRNO_H 1
| #define HAVE_SYS_TYPES_H 1
| #define HAVE_SYS_TIME_H 1
| #define HAVE_SYS_WAIT_H 1
| #define HAVE_SYS_STAT_H 1
| #define HAVE_SYS_SOCKET_H 1
| #define HAVE_GETTIMEOFDAY 1
| #define HAVE_SELECT 1
| #define HAVE_SIGACTION 1
| #define HAVE_SIGPROCMASK 1
| #define HAVE_SIGPENDING 1
| #define HAVE_SIGSUSPEND 1
| #define PTH_NSIG 65
| #define HAVE_POLL 1
| #define HAVE_POLLIN 1
| #define HAVE_SYS_UIO_H 1
| #define HAVE_READV 1
| #define HAVE_WRITEV 1
| #define HAVE_USLEEP 1
| #define HAVE_STRERROR 1
| #define HAVE_SYS_RESOURCE_H 1
| /* end confdefs.h.  */
| #include <net/errno.h>
configure:20366: result: no
configure:20401: checking for net/errno.h
configure:20408: result: no
configure:20285: checking paths.h usability
configure:20297: gcc -c -I.. -pipe  conftest.c >&5
configure:20303: $? = 0
configure:20307: test -z 
			 || test ! -s conftest.err
configure:20310: $? = 0
configure:20313: test -s conftest.o
configure:20316: $? = 0
configure:20326: result: yes
configure:20330: checking paths.h presence
configure:20340: gcc -E  conftest.c
configure:20346: $? = 0
configure:20366: result: yes
configure:20401: checking for paths.h
configure:20408: result: yes
configure:20423: checking for gethostname in -lnsl
configure:20453: gcc -o conftest -I.. -pipe   conftest.c -lnsl   >&5
configure:20459: $? = 0
configure:20463: test -z 
			 || test ! -s conftest.err
configure:20466: $? = 0
configure:20469: test -s conftest
configure:20472: $? = 0
configure:20485: result: yes
configure:20573: checking for accept in -lsocket
configure:20603: gcc -o conftest -I.. -pipe   conftest.c -lsocket  -lnsl  >&5
/usr/bin/ld: cannot find -lsocket: No such file or directory
collect2: error: ld returned 1 exit status
configure:20609: $? = 1
configure: failed program was:
| /* confdefs.h.  */
| 
| #define PACKAGE_NAME ""
| #define PACKAGE_TARNAME ""
| #define PACKAGE_VERSION ""
| #define PACKAGE_STRING ""
| #define PACKAGE_BUGREPORT ""
| #define STDC_HEADERS 1
| #define HAVE_SYS_TYPES_H 1
| #define HAVE_SYS_STAT_H 1
| #define HAVE_STDLIB_H 1
| #define HAVE_STRING_H 1
| #define HAVE_MEMORY_H 1
| #define HAVE_STRINGS_H 1
| #define HAVE_INTTYPES_H 1
| #define HAVE_STDINT_H 1
| #define HAVE_UNISTD_H 1
| #define HAVE_DLFCN_H 1
| #ifdef __cplusplus
| extern "C" void std::exit (int) throw (); using std::exit;
| #endif
| #define STDC_HEADERS 1
| #define HAVE_STDIO_H 1
| #define HAVE_STDLIB_H 1
| #define HAVE_STDARG_H 1
| #define HAVE_STRING_H 1
| #define HAVE_SIGNAL_H 1
| #define HAVE_UNISTD_H 1
| #define HAVE_SETJMP_H 1
| #define HAVE_FCNTL_H 1
| #define HAVE_ERRNO_H 1
| #define HAVE_SYS_TYPES_H 1
| #define HAVE_SYS_TIME_H 1
| #define HAVE_SYS_WAIT_H 1
| #define HAVE_SYS_STAT_H 1
| #define HAVE_SYS_SOCKET_H 1
| #define HAVE_GETTIMEOFDAY 1
| #define HAVE_SELECT 1
| #define HAVE_SIGACTION 1
| #define HAVE_SIGPROCMASK 1
| #define HAVE_SIGPENDING 1
| #define HAVE_SIGSUSPEND 1
| #define PTH_NSIG 65
| #define HAVE_POLL 1
| #define HAVE_POLLIN 1
| #define HAVE_SYS_UIO_H 1
| #define HAVE_READV 1
| #define HAVE_WRITEV 1
| #define HAVE_USLEEP 1
| #define HAVE_STRERROR 1
| #define HAVE_SYS_RESOURCE_H 1
| #define HAVE_PATHS_H 1
| #define HAVE_LIBNSL 1
| /* end confdefs.h.  */
| 
| /* Override any gcc2 internal prototype to avoid an error.  */
| #ifdef __cplusplus
| extern "C"
| #endif
| /* We use char because int might match the return type of a gcc2
|    builtin and then its argument prototype would still apply.  */
| char accept ();
| int
| main ()
| {
| accept ();
|   ;
|   return 0;
| }
configure:20635: result: no
configure:20661: checking sys/select.h usability
configure:20673: gcc -c -I.. -pipe  conftest.c >&5
configure:20679: $? = 0
configure:20683: test -z 
			 || test ! -s conftest.err
configure:20686: $? = 0
configure:20689: test -s conftest.o
configure:20692: $? = 0
configure:20702: result: yes
configure:20706: checking sys/select.h presence
configure:20716: gcc -E  conftest.c
configure:20722: $? = 0
configure:20742: result: yes
configure:20777: checking for sys/select.h
configure:20784: result: yes
configure:20803: checking for typedef sig_atomic_t
configure:20827: result: yes
configure:20843: checking for typedef pid_t
configure:20867: result: yes
configure:20883: checking for typedef size_t
configure:20907: result: yes
configure:20923: checking for typedef ssize_t
configure:20947: result: yes
configure:20963: checking for typedef off_t
configure:20987: result: yes
configure:21003: checking for typedef stack_t
configure:21027: result: yes
configure:21038: checking for attribute ss_base in struct sigaltstack from sys/signal.h
configure:21066: gcc -o conftest -I.. -pipe   conftest.c -lnsl  >&5
conftest.c: In function 'main':
conftest.c:72:4: error: invalid use of undefined type 'struct sigaltstack'
   72 | sp1->ss_base = sp2->ss_base;
      |    ^~
conftest.c:72:19: error: invalid use of undefined type 'struct sigaltstack'
   72 | sp1->ss_base = sp2->ss_base;
      |                   ^~
configure:21072: $? = 1
configure: failed program was:
| /* confdefs.h.  */
| 
| #define PACKAGE_NAME ""
| #define PACKAGE_TARNAME ""
| #define PACKAGE_VERSION ""
| #define PACKAGE_STRING ""
| #define PACKAGE_BUGREPORT ""
| #define STDC_HEADERS 1
| #define HAVE_SYS_TYPES_H 1
| #define HAVE_SYS_STAT_H 1
| #define HAVE_STDLIB_H 1
| #define HAVE_STRING_H 1
| #define HAVE_MEMORY_H 1
| #define HAVE_STRINGS_H 1
| #define HAVE_INTTYPES_H 1
| #define HAVE_STDINT_H 1
| #define HAVE_UNISTD_H 1
| #define HAVE_DLFCN_H 1
| #ifdef __cplusplus
| extern "C" void std::exit (int) throw (); using std::exit;
| #endif
| #define STDC_HEADERS 1
| #define HAVE_STDIO_H 1
| #define HAVE_STDLIB_H 1
| #define HAVE_STDARG_H 1
| #define HAVE_STRING_H 1
| #define HAVE_SIGNAL_H 1
| #define HAVE_UNISTD_H 1
| #define HAVE_SETJMP_H 1
| #define HAVE_FCNTL_H 1
| #define HAVE_ERRNO_H 1
| #define HAVE_SYS_TYPES_H 1
| #define HAVE_SYS_TIME_H 1
| #define HAVE_SYS_WAIT_H 1
| #define HAVE_SYS_STAT_H 1
| #define HAVE_SYS_SOCKET_H 1
| #define HAVE_GETTIMEOFDAY 1
| #define HAVE_SELECT 1
| #define HAVE_SIGACTION 1
| #define HAVE_SIGPROCMASK 1
| #define HAVE_SIGPENDING 1
| #define HAVE_SIGSUSPEND 1
| #define PTH_NSIG 65
| #define HAVE_POLL 1
| #define HAVE_POLLIN 1
| #define HAVE_SYS_UIO_H 1
| #define HAVE_READV 1
| #define HAVE_WRITEV 1
| #define HAVE_USLEEP 1
| #define HAVE_STRERROR 1
| #define HAVE_SYS_RESOURCE_H 1
| #define HAVE_PATHS_H 1
| #define HAVE_LIBNSL 1
| #define HAVE_SYS_SELECT_H 1
| #define HAVE_SIG_ATOMIC_T 1
| #define HAVE_PID_T 1
| #define HAVE_SIZE_T 1
| #define HAVE_SSIZE_T 1
| #define HAVE_OFF_T 1
| #define HAVE_STACK_T 1
| /* end confdefs.h.  */
| 
| #include <sys/types.h>
| #include <sys/signal.h>
| 
| int
| main ()
| {
| 
| struct sigaltstack *sp1;
| struct sigaltstack *sp2;
| sp1->ss_base = sp2->ss_base;
| 
|   ;
|   return 0;
| }
configure:21097: result: no
configure:21107: checking for attribute ss_sp in struct sigaltstack from sys/signal.h
configure:21135: gcc -o conftest -I.. -pipe   conftest.c -lnsl  >&5
conftest.c: In function 'main':
conftest.c:72:4: error: invalid use of undefined type 'struct sigaltstack'
   72 | sp1->ss_sp = sp2->ss_sp;
      |    ^~
conftest.c:72:17: error: invalid use of undefined type 'struct sigaltstack'
   72 | sp1->ss_sp = sp2->ss_sp;
      |                 ^~
configure:21141: $? = 1
configure: failed program was:
| /* confdefs.h.  */
| 
| #define PACKAGE_NAME ""
| #define PACKAGE_TARNAME ""
| #define PACKAGE_VERSION ""
| #define PACKAGE_STRING ""
| #define PACKAGE_BUGREPORT ""
| #define STDC_HEADERS 1
| #define HAVE_SYS_TYPES_H 1
| #define HAVE_SYS_STAT_H 1
| #define HAVE_STDLIB_H 1
| #define HAVE_STRING_H 1
| #define HAVE_MEMORY_H 1
| #define HAVE_STRINGS_H 1
| #define HAVE_INTTYPES_H 1
| #define HAVE_STDINT_H 1
| #define HAVE_UNISTD_H 1
| #define HAVE_DLFCN_H 1
| #ifdef __cplusplus
| extern "C" void std::exit (int) throw (); using std::exit;
| #endif
| #define STDC_HEADERS 1
| #define HAVE_STDIO_H 1
| #define HAVE_STDLIB_H 1
| #define HAVE_STDARG_H 1
| #define HAVE_STRING_H 1
| #define HAVE_SIGNAL_H 1
| #define HAVE_UNISTD_H 1
| #define HAVE_SETJMP_H 1
| #define HAVE_FCNTL_H 1
| #define HAVE_ERRNO_H 1
| #define HAVE_SYS_TYPES_H 1
| #define HAVE_SYS_TIME_H 1
| #define HAVE_SYS_WAIT_H 1
| #define HAVE_SYS_STAT_H 1
| #define HAVE_SYS_SOCKET_H 1
| #define HAVE_GETTIMEOFDAY 1
| #define HAVE_SELECT 1
| #define HAVE_SIGACTION 1
| #define HAVE_SIGPROCMASK 1
| #define HAVE_SIGPENDING 1
| #define HAVE_SIGSUSPEND 1
| #define PTH_NSIG 65
| #define HAVE_POLL 1
| #define HAVE_POLLIN 1
| #define HAVE_SYS_UIO_H 1
| #define HAVE_READV 1
| #define HAVE_WRITEV 1
| #define HAVE_USLEEP 1
| #define HAVE_STRERROR 1
| #define HAVE_SYS_RESOURCE_H 1
| #define HAVE_PATHS_H 1
| #define HAVE_LIBNSL 1
| #define HAVE_SYS_SELECT_H 1
| #define HAVE_SIG_ATOMIC_T 1
| #define HAVE_PID_T 1
| #define HAVE_SIZE_T 1
| #define HAVE_SSIZE_T 1
| #define HAVE_OFF_T 1
| #define HAVE_STACK_T 1
| /* end confdefs.h.  */
| 
| #include <sys/types.h>
| #include <sys/signal.h>
| 
| int
| main ()
| {
| 
| struct sigaltstack *sp1;
| struct sigaltstack *sp2;
| sp1->ss_sp = sp2->ss_sp;
| 
|   ;
|   return 0;
| }
configure:21166: result: no
configure:21177: checking for a single-argument based gettimeofday
configure:21203: gcc -c -I.. -pipe  conftest.c >&5
conftest.c: In function 'main':
conftest.c:72:7: error: too few arguments to function 'gettimeofday'
   72 | (void)gettimeofday(&tv);
      |       ^~~~~~~~~~~~
In file included from conftest.c:64:
/usr/include/sys/time.h:67:12: note: declared here
   67 | extern int gettimeofday (struct timeval *__restrict __tv,
      |            ^~~~~~~~~~~~
configure:21209: $? = 1
configure: failed program was:
| /* confdefs.h.  */
| 
| #define PACKAGE_NAME ""
| #define PACKAGE_TARNAME ""
| #define PACKAGE_VERSION ""
| #define PACKAGE_STRING ""
| #define PACKAGE_BUGREPORT ""
| #define STDC_HEADERS 1
| #define HAVE_SYS_TYPES_H 1
| #define HAVE_SYS_STAT_H 1
| #define HAVE_STDLIB_H 1
| #define HAVE_STRING_H 1
| #define HAVE_MEMORY_H 1
| #define HAVE_STRINGS_H 1
| #define HAVE_INTTYPES_H 1
| #define HAVE_STDINT_H 1
| #define HAVE_UNISTD_H 1
| #define HAVE_DLFCN_H 1
| #ifdef __cplusplus
| extern "C" void std::exit (int) throw (); using std::exit;
| #endif
| #define STDC_HEADERS 1
| #define HAVE_STDIO_H 1
| #define HAVE_STDLIB_H 1
| #define HAVE_STDARG_H 1
| #define HAVE_STRING_H 1
| #define HAVE_SIGNAL_H 1
| #define HAVE_UNISTD_H 1
| #define HAVE_SETJMP_H 1
| #define HAVE_FCNTL_H 1
| #define HAVE_ERRNO_H 1
| #define HAVE_SYS_TYPES_H 1
| #define HAVE_SYS_TIME_H 1
| #define HAVE_SYS_WAIT_H 1
| #define HAVE_SYS_STAT_H 1
| #define HAVE_SYS_SOCKET_H 1
| #define HAVE_GETTIMEOFDAY 1
| #define HAVE_SELECT 1
| #define HAVE_SIGACTION 1
| #define HAVE_SIGPROCMASK 1
| #define HAVE_SIGPENDING 1
| #define HAVE_SIGSUSPEND 1
| #define PTH_NSIG 65
| #define HAVE_POLL 1
| #define HAVE_POLLIN 1
| #define HAVE_SYS_UIO_H 1
| #define HAVE_READV 1
| #define HAVE_WRITEV 1
| #define HAVE_USLEEP 1
| #define HAVE_STRERROR 1
| #define HAVE_SYS_RESOURCE_H 1
| #define HAVE_PATHS_H 1
| #define HAVE_LIBNSL 1
| #define HAVE_SYS_SELECT_H 1
| #define HAVE_SIG_ATOMIC_T 1
| #define HAVE_PID_T 1
| #define HAVE_SIZE_T 1
| #define HAVE_SSIZE_T 1
| #define HAVE_OFF_T 1
| #define HAVE_STACK_T 1
| /* end confdefs.h.  */
| 
| #include <sys/types.h>
| #include <sys/time.h>
| #include <unistd.h>
| 
| int
| main ()
| {
| 
| struct timeval tv;
| (void)gettimeofday(&tv);
| 
|   ;
|   return 0;
| }
configure:21245: result: no
configure:21248: checking for struct timespec
configure:21272: gcc -c -I.. -pipe  conftest.c >&5
configure:21278: $? = 0
configure:21282: test -z 
			 || test ! -s conftest.err
configure:21285: $? = 0
configure:21288: test -s conftest.o
configure:21291: $? = 0
configure:21310: result: yes
configure:21313: checking for typedef socklen_t
configure:21337: result: yes
configure:21347: checking for type of argument 3 for accept()
configure:21378: result: socklen_t *__restrict
configure:21383: checking for fallback socklen_t
configure:21399: result: socklen_t
configure:21411: checking for typedef nfds_t
configure:21435: result: yes
configure:21445: checking for type of argument 2 for poll()
configure:21476: result: nfds_t
configure:21481: checking for fallback nfds_t
configure:21497: result: nfds_t
configure:21509: checking for built-in type long long
configure:21535: gcc -o conftest -I.. -pipe   conftest.c -lnsl  >&5
configure:21541: $? = 0
configure:21545: test -z 
			 || test ! -s conftest.err
configure:21548: $? = 0
configure:21551: test -s conftest
configure:21554: $? = 0
configure:21567: result: yes
configure:21577: checking for built-in type long double
configure:21603: gcc -o conftest -I.. -pipe   conftest.c -lnsl  >&5
configure:21609: $? = 0
configure:21613: test -z 
			 || test ! -s conftest.err
configure:21616: $? = 0
configure:21619: test -s conftest
configure:21622: $? = 0
configure:21635: result: yes
configure:21648: result: 
configure:21650: result: [1mMachine Context Implementation:[m
configure:21656: checking for ucontext.h
configure:21672: gcc -c -I.. -pipe  conftest.c >&5
configure:21678: $? = 0
configure:21682: test -z 
			 || test ! -s conftest.err
configure:21685: $? = 0
configure:21688: test -s conftest.o
configure:21691: $? = 0
configure:21702: result: yes
configure:21713: checking for makecontext
configure:21770: gcc -o conftest -I.. -pipe   conftest.c -lnsl  >&5
configure:21776: $? = 0
configure:21780: test -z 
			 || test ! -s conftest.err
configure:21783: $? = 0
configure:21786: test -s conftest
configure:21789: $? = 0
configure:21801: result: yes
configure:21713: checking for swapcontext
configure:21770: gcc -o conftest -I.. -pipe   conftest.c -lnsl  >&5
configure:21776: $? = 0
configure:21780: test -z 
			 || test ! -s conftest.err
configure:21783: $? = 0
configure:21786: test -s conftest
configure:21789: $? = 0
configure:21801: result: yes
configure:21713: checking for getcontext
configure:21770: gcc -o conftest -I.. -pipe   conftest.c -lnsl  >&5
configure:21776: $? = 0
configure:21780: test -z 
			 || test ! -s conftest.err
configure:21783: $? = 0
configure:21786: test -s conftest
configure:21789: $? = 0
configure:21801: result: yes
configure:21713: checking for setcontext
configure:21770: gcc -o conftest -I.. -pipe   conftest.c -lnsl  >&5
configure:21776: $? = 0
configure:21780: test -z 
			 || test ! -s conftest.err
configure:21783: $? = 0
configure:21786: test -s conftest
configure:21789: $? = 0
configure:21801: result: yes
configure:21812: checking for usable SVR4/SUSv2 makecontext(2)/swapcontext(2)
configure:21883: gcc -o conftest -I.. -pipe   conftest.c -lnsl  >&5
conftest.c: In function 'main':
conftest.c:108:28: warning: passing argument 2 of 'makecontext' from incompatible pointer type [-Wincompatible-pointer-types]
  108 |     makecontext(&uc_child, child, 2, (void *)12345);
      |                            ^~~~~
      |                            |
      |                            void (*)(void *)
In file included from conftest.c:75:
/usr/include/ucontext.h:51:52: note: expected 'void (*)(void)' but argument is of type 'void (*)(void *)'
   51 | extern void makecontext (ucontext_t *__ucp, void (*__func) (void),
      |                                             ~~~~~~~^~~~~~~~~~~~~~
configure:21886: $? = 0
configure:21888: ./conftest
configure:21891: $? = 0
configure:21905: result: yes
configure:21919: checking for signal.h
configure:21924: result: yes
configure:22073: checking for sigsetjmp
configure:22130: gcc -o conftest -I.. -pipe   conftest.c -lnsl  >&5
/usr/bin/ld: /tmp/ccabe4vk.o: in function `main':
conftest.c:(.text+0xe): undefined reference to `sigsetjmp'
/usr/bin/ld: /tmp/ccabe4vk.o:(.data.rel+0x0): undefined reference to `sigsetjmp'
collect2: error: ld returned 1 exit status
configure:22136: $? = 1
configure: failed program was:
| /* confdefs.h.  */
| 
| #define PACKAGE_NAME ""
| #define PACKAGE_TARNAME ""
| #define PACKAGE_VERSION ""
| #define PACKAGE_STRING ""
| #define PACKAGE_BUGREPORT ""
| #define STDC_HEADERS 1
| #define HAVE_SYS_TYPES_H 1
| #define HAVE_SYS_STAT_H 1
| #define HAVE_STDLIB_H 1
| #define HAVE_STRING_H 1
| #define HAVE_MEMORY_H 1
| #define HAVE_STRINGS_H 1
| #define HAVE_INTTYPES_H 1
| #define HAVE_STDINT_H 1
| #define HAVE_UNISTD_H 1
| #define HAVE_DLFCN_H 1
| #ifdef __cplusplus
| extern "C" void std::exit (int) throw (); using std::exit;
| #endif
| #define STDC_HEADERS 1
| #define HAVE_STDIO_H 1
| #define HAVE_STDLIB_H 1
| #define HAVE_STDARG_H 1
| #define HAVE_STRING_H 1
| #define HAVE_SIGNAL_H 1
| #define HAVE_UNISTD_H 1
| #define HAVE_SETJMP_H 1
| #define HAVE_FCNTL_H 1
| #define HAVE_ERRNO_H 1
| #define HAVE_SYS_TYPES_H 1
| #define HAVE_SYS_TIME_H 1
| #define HAVE_SYS_WAIT_H 1
| #define HAVE_SYS_STAT_H 1
| #define HAVE_SYS_SOCKET_H 1
| #define HAVE_GETTIMEOFDAY 1
| #define HAVE_SELECT 1
| #define HAVE_SIGACTION 1
| #define HAVE_SIGPROCMASK 1
| #define HAVE_SIGPENDING 1
| #define HAVE_SIGSUSPEND 1
| #define PTH_NSIG 65
| #define HAVE_POLL 1
| #define HAVE_POLLIN 1
| #define HAVE_SYS_UIO_H 1
| #define HAVE_READV 1
| #define HAVE_WRITEV 1
| #define HAVE_USLEEP 1
| #define HAVE_STRERROR 1
| #define HAVE_SYS_RESOURCE_H 1
| #define HAVE_PATHS_H 1
| #define HAVE_LIBNSL 1
| #define HAVE_SYS_SELECT_H 1
| #define HAVE_SIG_ATOMIC_T 1
| #define HAVE_PID_T 1
| #define HAVE_SIZE_T 1
| #define HAVE_SSIZE_T 1
| #define HAVE_OFF_T 1
| #define HAVE_STACK_T 1
| #define HAVE_STRUCT_TIMESPEC 1
| #define HAVE_SOCKLEN_T 1
| #define HAVE_NFDS_T 1
| #define HAVE_LONGLONG 1
| #define HAVE_LONGDOUBLE 1
| #define HAVE_MAKECONTEXT 1
| #define HAVE_SWAPCONTEXT 1
| #define HAVE_GETCONTEXT 1
| #define HAVE_SETCONTEXT 1
| #define HAVE_SIGNAL_H 1
| /* end confdefs.h.  */
| /* Define sigsetjmp to an innocuous variant, in case <limits.h> declares sigsetjmp.
|    For example, HP-UX 11i <limits.h> declares gettimeofday.  */
| #define sigsetjmp innocuous_sigsetjmp
| 
| /* System header to define __stub macros and hopefully few prototypes,
|     which can conflict with char sigsetjmp (); below.
|     Prefer <limits.h> to <assert.h> if __STDC__ is defined, since
|     <limits.h> exists even on freestanding compilers.  */
| 
| #ifdef __STDC__
| # include <limits.h>
| #else
| # include <assert.h>
| #endif
| 
| #undef sigsetjmp
| 
| /* Override any gcc2 internal prototype to avoid an error.  */
| #ifdef __cplusplus
| extern "C"
| {
| #endif
| /* We use char because int might match the return type of a gcc2
|    builtin and then its argument prototype would still apply.  */
| char sigsetjmp ();
| /* The GNU C library defines this for functions which it implements
|     to always fail with ENOSYS.  Some functions are actually named
|     something starting with __ and the normal name is an alias.  */
| #if defined (__stub_sigsetjmp) || defined (__stub___sigsetjmp)
| choke me
| #else
| char (*f) () = sigsetjmp;
| #endif
| #ifdef __cplusplus
| }
| #endif
| 
| int
| main ()
| {
| return f != sigsetjmp;
|   ;
|   return 0;
| }
configure:22161: result: no
configure:22073: checking for siglongjmp
configure:22130: gcc -o conftest -I.. -pipe   conftest.c -lnsl  >&5
configure:22136: $? = 0
configure:22140: test -z 
			 || test ! -s conftest.err
configure:22143: $? = 0
configure:22146: test -s conftest
configure:22149: $? = 0
configure:22161: result: yes
configure:22073: checking for setjmp
configure:22130: gcc -o conftest -I.. -pipe   conftest.c -lnsl  >&5
configure:22136: $? = 0
configure:22140: test -z 
			 || test ! -s conftest.err
configure:22143: $? = 0
configure:22146: test -s conftest
configure:22149: $? = 0
configure:22161: result: yes
configure:22073: checking for longjmp
configure:22130: gcc -o conftest -I.. -pipe   conftest.c -lnsl  >&5
configure:22136: $? = 0
configure:22140: test -z 
			 || test ! -s conftest.err
configure:22143: $? = 0
configure:22146: test -s conftest
configure:22149: $? = 0
configure:22161: result: yes
configure:22073: checking for _setjmp
configure:22130: gcc -o conftest -I.. -pipe   conftest.c -lnsl  >&5
configure:22136: $? = 0
configure:22140: test -z 
			 || test ! -s conftest.err
configure:22143: $? = 0
configure:22146: test -s conftest
configure:22149: $? = 0
configure:22161: result: yes
configure:22073: checking for _longjmp
configure:22130: gcc -o conftest -I.. -pipe   conftest.c -lnsl  >&5
configure:22136: $? = 0
configure:22140: test -z 
			 || test ! -s conftest.err
configure:22143: $? = 0
configure:22146: test -s conftest
configure:22149: $? = 0
configure:22161: result: yes
configure:22176: checking for sigaltstack
configure:22233: gcc -o conftest -I.. -pipe   conftest.c -lnsl  >&5
configure:22239: $? = 0
configure:22243: test -z 
			 || test ! -s conftest.err
configure:22246: $? = 0
configure:22249: test -s conftest
configure:22252: $? = 0
configure:22264: result: yes
configure:22176: checking for sigstack
configure:22233: gcc -o conftest -I.. -pipe   conftest.c -lnsl  >&5
/usr/bin/ld: /tmp/cc8sLREw.o: in function `main':
conftest.c:(.text+0xe): warning: the `sigstack' function is dangerous.  `sigaltstack' should be used instead.
configure:22239: $? = 0
configure:22243: test -z 
			 || test ! -s conftest.err
configure:22246: $? = 0
configure:22249: test -s conftest
configure:22252: $? = 0
configure:22264: result: yes
configure:22274: checking for signal-mask aware setjmp(3)/longjmp(3)
configure:22426: gcc -o conftest -I.. -pipe -DTEST_ssjlj   conftest.c -lnsl  >&5
conftest.c: In function 'sighandler':
conftest.c:111:9: warning: implicit declaration of function 'exit' [-Wimplicit-function-declaration]
  111 |         exit(1);
      |         ^~~~
conftest.c:99:1: note: include '<stdlib.h>' or provide a declaration of 'exit'
   98 | #include <unistd.h>
  +++ |+#include <stdlib.h>
   99 | 
conftest.c:111:9: warning: incompatible implicit declaration of built-in function 'exit' [-Wbuiltin-declaration-mismatch]
  111 |         exit(1);
      |         ^~~~
conftest.c:111:9: note: include '<stdlib.h>' or provide a declaration of 'exit'
conftest.c:119:5: warning: incompatible implicit declaration of built-in function 'exit' [-Wbuiltin-declaration-mismatch]
  119 |     exit(1);
      |     ^~~~
conftest.c:119:5: note: include '<stdlib.h>' or provide a declaration of 'exit'
conftest.c: In function 'main':
conftest.c:130:9: warning: incompatible implicit declaration of built-in function 'exit' [-Wbuiltin-declaration-mismatch]
  130 |         exit(1);
      |         ^~~~
conftest.c:130:9: note: include '<stdlib.h>' or provide a declaration of 'exit'
conftest.c:144:9: warning: implicit declaration of function 'memset' [-Wimplicit-function-declaration]
  144 |         memset((void *)&sa, 0, sizeof(struct sigaction));
      |         ^~~~~~
conftest.c:99:1: note: include '<string.h>' or provide a declaration of 'memset'
   98 | #include <unistd.h>
  +++ |+#include <string.h>
   99 | 
conftest.c:144:9: warning: incompatible implicit declaration of built-in function 'memset' [-Wbuiltin-declaration-mismatch]
  144 |         memset((void *)&sa, 0, sizeof(struct sigaction));
      |         ^~~~~~
conftest.c:144:9: note: include '<string.h>' or provide a declaration of 'memset'
conftest.c:157:9: warning: incompatible implicit declaration of built-in function 'exit' [-Wbuiltin-declaration-mismatch]
  157 |         exit(1);
      |         ^~~~
conftest.c:157:9: note: include '<stdlib.h>' or provide a declaration of 'exit'
conftest.c:165:9: warning: incompatible implicit declaration of built-in function 'exit' [-Wbuiltin-declaration-mismatch]
  165 |         exit(1);
      |         ^~~~
conftest.c:165:9: note: include '<stdlib.h>' or provide a declaration of 'exit'
conftest.c:169:9: warning: incompatible implicit declaration of built-in function 'exit' [-Wbuiltin-declaration-mismatch]
  169 |         exit(1);
      |         ^~~~
conftest.c:169:9: note: include '<stdlib.h>' or provide a declaration of 'exit'
conftest.c:172:5: warning: incompatible implicit declaration of built-in function 'exit' [-Wbuiltin-declaration-mismatch]
  172 |     exit(0);
      |     ^~~~
conftest.c:172:5: note: include '<stdlib.h>' or provide a declaration of 'exit'
configure:22429: $? = 0
configure:22431: ./conftest
configure:22434: $? = 0
configure:22492: result: yes: sjljlx
configure:22625: checking for typedef stack_t
configure:22649: result: yes
configure:22660: checking for direction of stack growth
configure:22705: gcc -o conftest -I.. -pipe   conftest.c -lnsl  >&5
configure:22708: $? = 0
configure:22710: ./conftest
configure:22713: $? = 0
configure:22727: result: down
configure:22758: checking for makecontext
configure:22846: result: yes
configure:22857: checking for stack setup via makecontext
configure:23014: gcc -o conftest -I.. -pipe -DTEST_makecontext   conftest.c -lnsl  >&5
configure:23017: $? = 0
configure:23019: ./conftest
configure:23022: $? = 0
configure:23049: result: ok
configure:23068: checking for sigaltstack
configure:23156: result: yes
configure:23171: checking for typedef stack_t
configure:23195: result: yes
configure:23208: checking for stack setup via sigaltstack
configure:23365: gcc -o conftest -I.. -pipe -DTEST_sigaltstack   conftest.c -lnsl  >&5
configure:23368: $? = 0
configure:23370: ./conftest
configure:23373: $? = 0
configure:23400: result: ok
configure:23418: checking for sigstack
configure:23506: result: yes
configure:23517: checking for stack setup via sigstack
configure:23674: gcc -o conftest -I.. -pipe -DTEST_sigstack   conftest.c -lnsl  >&5
conftest.c: In function 'main':
conftest.c:162:9: warning: 'sigstack' is deprecated [-Wdeprecated-declarations]
  162 |         if (sigstack(&ss, NULL) < 0)
      |         ^~
In file included from conftest.c:91:
/usr/include/signal.h:347:12: note: declared here
  347 | extern int sigstack (struct sigstack *__ss, struct sigstack *__oss)
      |            ^~~~~~~~
/usr/bin/ld: /tmp/ccmiHbnz.o: in function `main':
conftest.c:(.text+0x16b): warning: the `sigstack' function is dangerous.  `sigaltstack' should be used instead.
configure:23677: $? = 0
configure:23679: ./conftest
configure:23682: $? = 0
configure:23709: result: ok
configure:23775: result: decision on mctx implementation... [1mmcsc/sc/mc[m
configure:23798: result: 
configure:23800: result: [1mSystem Call Mapping:[m
configure:23820: checking sys/syscall.h usability
configure:23832: gcc -c -I.. -pipe  conftest.c >&5
configure:23838: $? = 0
configure:23842: test -z 
			 || test ! -s conftest.err
configure:23845: $? = 0
configure:23848: test -s conftest.o
configure:23851: $? = 0
configure:23861: result: yes
configure:23865: checking sys/syscall.h presence
configure:23875: gcc -E  conftest.c
configure:23881: $? = 0
configure:23901: result: yes
configure:23936: checking for sys/syscall.h
configure:23943: result: yes
configure:23820: checking sys/socketcall.h usability
configure:23832: gcc -c -I.. -pipe  conftest.c >&5
conftest.c:123:10: fatal error: sys/socketcall.h: No such file or directory
  123 | #include <sys/socketcall.h>
      |          ^~~~~~~~~~~~~~~~~~
compilation terminated.
configure:23838: $? = 1
configure: failed program was:
| /* confdefs.h.  */
| 
| #define PACKAGE_NAME ""
| #define PACKAGE_TARNAME ""
| #define PACKAGE_VERSION ""
| #define PACKAGE_STRING ""
| #define PACKAGE_BUGREPORT ""
| #define STDC_HEADERS 1
| #define HAVE_SYS_TYPES_H 1
| #define HAVE_SYS_STAT_H 1
| #define HAVE_STDLIB_H 1
| #define HAVE_STRING_H 1
| #define HAVE_MEMORY_H 1
| #define HAVE_STRINGS_H 1
| #define HAVE_INTTYPES_H 1
| #define HAVE_STDINT_H 1
| #define HAVE_UNISTD_H 1
| #define HAVE_DLFCN_H 1
| #ifdef __cplusplus
| extern "C" void std::exit (int) throw (); using std::exit;
| #endif
| #define STDC_HEADERS 1
| #define HAVE_STDIO_H 1
| #define HAVE_STDLIB_H 1
| #define HAVE_STDARG_H 1
| #define HAVE_STRING_H 1
| #define HAVE_SIGNAL_H 1
| #define HAVE_UNISTD_H 1
| #define HAVE_SETJMP_H 1
| #define HAVE_FCNTL_H 1
| #define HAVE_ERRNO_H 1
| #define HAVE_SYS_TYPES_H 1
| #define HAVE_SYS_TIME_H 1
| #define HAVE_SYS_WAIT_H 1
| #define HAVE_SYS_STAT_H 1
| #define HAVE_SYS_SOCKET_H 1
| #define HAVE_GETTIMEOFDAY 1
| #define HAVE_SELECT 1
| #define HAVE_SIGACTION 1
| #define HAVE_SIGPROCMASK 1
| #define HAVE_SIGPENDING 1
| #define HAVE_SIGSUSPEND 1
| #define PTH_NSIG 65
| #define HAVE_POLL 1
| #define HAVE_POLLIN 1
| #define HAVE_SYS_UIO_H 1
| #define HAVE_READV 1
| #define HAVE_WRITEV 1
| #define HAVE_USLEEP 1
| #define HAVE_STRERROR 1
| #define HAVE_SYS_RESOURCE_H 1
| #define HAVE_PATHS_H 1
| #define HAVE_LIBNSL 1
| #define HAVE_SYS_SELECT_H 1
| #define HAVE_SIG_ATOMIC_T 1
| #define HAVE_PID_T 1
| #define HAVE_SIZE_T 1
| #define HAVE_SSIZE_T 1
| #define HAVE_OFF_T 1
| #define HAVE_STACK_T 1
| #define HAVE_STRUCT_TIMESPEC 1
| #define HAVE_SOCKLEN_T 1
| #define HAVE_NFDS_T 1
| #define HAVE_LONGLONG 1
| #define HAVE_LONGDOUBLE 1
| #define HAVE_MAKECONTEXT 1
| #define HAVE_SWAPCONTEXT 1
| #define HAVE_GETCONTEXT 1
| #define HAVE_SETCONTEXT 1
| #define HAVE_SIGNAL_H 1
| #define HAVE_SIGLONGJMP 1
| #define HAVE_SETJMP 1
| #define HAVE_LONGJMP 1
| #define HAVE__SETJMP 1
| #define HAVE__LONGJMP 1
| #define HAVE_SIGALTSTACK 1
| #define HAVE_SIGSTACK 1
| #define HAVE_STACK_T 1
| #define PTH_STACKGROWTH -1
| #define HAVE_MAKECONTEXT 1
| #define HAVE_SIGALTSTACK 1
| #define HAVE_STACK_T 1
| #define HAVE_SIGSTACK 1
| #define PTH_MCTX_MTH_use PTH_MCTX_MTH_mcsc
| #define PTH_MCTX_DSP_use PTH_MCTX_DSP_sc
| #define PTH_MCTX_STK_use PTH_MCTX_STK_mc
| #define HAVE_SYS_SYSCALL_H 1
| /* end confdefs.h.  */
| #include <stdio.h>
| #if HAVE_SYS_TYPES_H
| # include <sys/types.h>
| #endif
| #if HAVE_SYS_STAT_H
| # include <sys/stat.h>
| #endif
| #if STDC_HEADERS
| # include <stdlib.h>
| # include <stddef.h>
| #else
| # if HAVE_STDLIB_H
| #  include <stdlib.h>
| # endif
| #endif
| #if HAVE_STRING_H
| # if !STDC_HEADERS && HAVE_MEMORY_H
| #  include <memory.h>
| # endif
| # include <string.h>
| #endif
| #if HAVE_STRINGS_H
| # include <strings.h>
| #endif
| #if HAVE_INTTYPES_H
| # include <inttypes.h>
| #else
| # if HAVE_STDINT_H
| #  include <stdint.h>
| # endif
| #endif
| #if HAVE_UNISTD_H
| # include <unistd.h>
| #endif
| #include <sys/socketcall.h>
configure:23861: result: no
configure:23865: checking sys/socketcall.h presence
configure:23875: gcc -E  conftest.c
conftest.c:89:10: fatal error: sys/socketcall.h: No such file or directory
   89 | #include <sys/socketcall.h>
      |          ^~~~~~~~~~~~~~~~~~
compilation terminated.
configure:23881: $? = 1
configure: failed program was:
| /* confdefs.h.  */
| 
| #define PACKAGE_NAME ""
| #define PACKAGE_TARNAME ""
| #define PACKAGE_VERSION ""
| #define PACKAGE_STRING ""
| #define PACKAGE_BUGREPORT ""
| #define STDC_HEADERS 1
| #define HAVE_SYS_TYPES_H 1
| #define HAVE_SYS_STAT_H 1
| #define HAVE_STDLIB_H 1
| #define HAVE_STRING_H 1
| #define HAVE_MEMORY_H 1
| #define HAVE_STRINGS_H 1
| #define HAVE_INTTYPES_H 1
| #define HAVE_STDINT_H 1
| #define HAVE_UNISTD_H 1
| #define HAVE_DLFCN_H 1
| #ifdef __cplusplus
| extern "C" void std::exit (int) throw (); using std::exit;
| #endif
| #define STDC_HEADERS 1
| #define HAVE_STDIO_H 1
| #define HAVE_STDLIB_H 1
| #define HAVE_STDARG_H 1
| #define HAVE_STRING_H 1
| #define HAVE_SIGNAL_H 1
| #define HAVE_UNISTD_H 1
| #define HAVE_SETJMP_H 1
| #define HAVE_FCNTL_H 1
| #define HAVE_ERRNO_H 1
| #define HAVE_SYS_TYPES_H 1
| #define HAVE_SYS_TIME_H 1
| #define HAVE_SYS_WAIT_H 1
| #define HAVE_SYS_STAT_H 1
| #define HAVE_SYS_SOCKET_H 1
| #define HAVE_GETTIMEOFDAY 1
| #define HAVE_SELECT 1
| #define HAVE_SIGACTION 1
| #define HAVE_SIGPROCMASK 1
| #define HAVE_SIGPENDING 1
| #define HAVE_SIGSUSPEND 1
| #define PTH_NSIG 65
| #define HAVE_POLL 1
| #define HAVE_POLLIN 1
| #define HAVE_SYS_UIO_H 1
| #define HAVE_READV 1
| #define HAVE_WRITEV 1
| #define HAVE_USLEEP 1
| #define HAVE_STRERROR 1
| #define HAVE_SYS_RESOURCE_H 1
| #define HAVE_PATHS_H 1
| #define HAVE_LIBNSL 1
| #define HAVE_SYS_SELECT_H 1
| #define HAVE_SIG_ATOMIC_T 1
| #define HAVE_PID_T 1
| #define HAVE_SIZE_T 1
| #define HAVE_SSIZE_T 1
| #define HAVE_OFF_T 1
| #define HAVE_STACK_T 1
| #define HAVE_STRUCT_TIMESPEC 1
| #define HAVE_SOCKLEN_T 1
| #define HAVE_NFDS_T 1
| #define HAVE_LONGLONG 1
| #define HAVE_LONGDOUBLE 1
| #define HAVE_MAKECONTEXT 1
| #define HAVE_SWAPCONTEXT 1
| #define HAVE_GETCONTEXT 1
| #define HAVE_SETCONTEXT 1
| #define HAVE_SIGNAL_H 1
| #define HAVE_SIGLONGJMP 1
| #define HAVE_SETJMP 1
| #define HAVE_LONGJMP 1
| #define HAVE__SETJMP 1
| #define HAVE__LONGJMP 1
| #define HAVE_SIGALTSTACK 1
| #define HAVE_SIGSTACK 1
| #define HAVE_STACK_T 1
| #define PTH_STACKGROWTH -1
| #define HAVE_MAKECONTEXT 1
| #define HAVE_SIGALTSTACK 1
| #define HAVE_STACK_T 1
| #define HAVE_SIGSTACK 1
| #define PTH_MCTX_MTH_use PTH_MCTX_MTH_mcsc
| #define PTH_MCTX_DSP_use PTH_MCTX_DSP_sc
| #define PTH_MCTX_STK_use PTH_MCTX_STK_mc
| #define HAVE_SYS_SYSCALL_H 1
| /* end confdefs.h.  */
| #include <sys/socketcall.h>
configure:23901: result: no
configure:23936: checking for sys/socketcall.h
configure:23943: result: no
configure:23960: checking for syscall
configure:24017: gcc -o conftest -I.. -pipe   conftest.c -lnsl  >&5
configure:24023: $? = 0
configure:24027: test -z 
			 || test ! -s conftest.err
configure:24030: $? = 0
configure:24033: test -s conftest
configure:24036: $? = 0
configure:24048: result: yes
configure:24058: checking for define SYS_read in sys/syscall.h
configure:24085: result: yes
configure:24101: checking for dlfcn.h
configure:24106: result: yes
configure:24247: checking for dlsym in -ldl
configure:24277: gcc -o conftest -I.. -pipe   conftest.c -ldl  -lnsl  >&5
configure:24283: $? = 0
configure:24287: test -z 
			 || test ! -s conftest.err
configure:24290: $? = 0
configure:24293: test -s conftest
configure:24296: $? = 0
configure:24309: result: yes
configure:24326: checking for dlopen
configure:24383: gcc -o conftest -I.. -pipe   conftest.c -ldl -lnsl  >&5
configure:24389: $? = 0
configure:24393: test -z 
			 || test ! -s conftest.err
configure:24396: $? = 0
configure:24399: test -s conftest
configure:24402: $? = 0
configure:24414: result: yes
configure:24326: checking for dlsym
configure:24383: gcc -o conftest -I.. -pipe   conftest.c -ldl -lnsl  >&5
configure:24389: $? = 0
configure:24393: test -z 
			 || test ! -s conftest.err
configure:24396: $? = 0
configure:24399: test -s conftest
configure:24402: $? = 0
configure:24414: result: yes
configure:24326: checking for dlclose
configure:24383: gcc -o conftest -I.. -pipe   conftest.c -ldl -lnsl  >&5
configure:24389: $? = 0
configure:24393: test -z 
			 || test ! -s conftest.err
configure:24396: $? = 0
configure:24399: test -s conftest
configure:24402: $? = 0
configure:24414: result: yes
configure:24424: checking for define RTLD_NEXT in dlfcn.h
configure:24451: result: yes
configure:24462: checking for syscall dynamic libraries
configure:24486: result: /usr/lib/libnsl.so:/lib/libnsl.so:/usr/lib/libc.so:/lib/libc.so
configure:24494: checking whether soft system call mapping is used
configure:24512: result: no
configure:24516: checking whether hard system call mapping is used
configure:24570: result: no
configure:24582: result: 
configure:24584: result: [1mBuild Parameters:[m
configure:24589: checking whether to activate batch build mode
configure:24601: result: no
configure:24606: checking whether to activate maintainer build targets
configure:24615: result: no
configure:24620: checking whether to activate test build targets
configure:24629: result: yes
configure:24637: checking whether to build Pthread library
configure:24648: result: no
configure:25152: checking whether to build against external OSSP ex library
configure:25163: result: no
configure:25478: checking whether to build against external Sfio library
configure:25485: result: no
configure:25800: checking whether to build against external Dmalloc library
configure:25811: result: no
configure:25817: result: 
configure:25819: result: [1mOutput Substitution:[m
configure:25921: creating ./config.status

## ---------------------- ##
## Running config.status. ##
## ---------------------- ##

This file was extended by config.status, which was
generated by GNU Autoconf 2.59 (OpenPKG-CURRENT).  Invocation command line was

  CONFIG_FILES    = 
  CONFIG_HEADERS  = 
  CONFIG_LINKS    = 
  CONFIG_COMMANDS = 
  $ ./config.status 

on night-20b7s2ex01

config.status:716: creating Makefile
config.status:716: creating pthread-config
config.status:716: creating pthread.h
config.status:716: creating pth-config
config.status:716: creating pth.h
config.status:716: creating pth_acmac.h
config.status:812: creating pth_acdef.h
config.status:1260: executing default commands

## ---------------- ##
## Cache variables. ##
## ---------------- ##

ac_cv_argtype_accept3='socklen_t *__restrict'
ac_cv_argtype_poll2=nfds_t
ac_cv_build=x86_64-unknown-linux-gnu
ac_cv_build_alias=x86_64-unknown-linux-gnu
ac_cv_c_compiler_gnu=yes
ac_cv_check_mcsc=yes
ac_cv_check_nfdstype=nfds_t
ac_cv_check_sjlj=sjljlx
ac_cv_check_socklentype=socklen_t
ac_cv_check_stackgrowth=down
ac_cv_compiler_option_pipe=yes
ac_cv_cxx_compiler_gnu=yes
ac_cv_define_POLLIN=yes
ac_cv_define_RTLD_NEXT=yes
ac_cv_define_SYS_read=yes
ac_cv_env_CC_set=
ac_cv_env_CC_value=
ac_cv_env_CFLAGS_set=
ac_cv_env_CFLAGS_value=
ac_cv_env_CPPFLAGS_set=
ac_cv_env_CPPFLAGS_value=
ac_cv_env_CPP_set=
ac_cv_env_CPP_value=
ac_cv_env_CXXCPP_set=
ac_cv_env_CXXCPP_value=
ac_cv_env_CXXFLAGS_set=
ac_cv_env_CXXFLAGS_value=
ac_cv_env_CXX_set=
ac_cv_env_CXX_value=
ac_cv_env_F77_set=
ac_cv_env_F77_value=
ac_cv_env_FFLAGS_set=
ac_cv_env_FFLAGS_value=
ac_cv_env_LDFLAGS_set=
ac_cv_env_LDFLAGS_value=
ac_cv_env_build_alias_set=
ac_cv_env_build_alias_value=
ac_cv_env_host_alias_set=
ac_cv_env_host_alias_value=
ac_cv_env_target_alias_set=
ac_cv_env_target_alias_value=
ac_cv_exeext=
ac_cv_f77_compiler_gnu=yes
ac_cv_func__longjmp=yes
ac_cv_func__setjmp=yes
ac_cv_func_dlclose=yes
ac_cv_func_dlopen=yes
ac_cv_func_dlsym=yes
ac_cv_func_getcontext=yes
ac_cv_func_gettimeofday=yes
ac_cv_func_longjmp=yes
ac_cv_func_makecontext=yes
ac_cv_func_poll=yes
ac_cv_func_readv=yes
ac_cv_func_select=yes
ac_cv_func_setcontext=yes
ac_cv_func_setjmp=yes
ac_cv_func_sigaction=yes
ac_cv_func_sigaltstack=yes
ac_cv_func_siglongjmp=yes
ac_cv_func_sigpending=yes
ac_cv_func_sigprocmask=yes
ac_cv_func_sigsetjmp=no
ac_cv_func_sigstack=yes
ac_cv_func_sigsuspend=yes
ac_cv_func_strerror=yes
ac_cv_func_swapcontext=yes
ac_cv_func_syscall=yes
ac_cv_func_usleep=yes
ac_cv_func_writev=yes
ac_cv_header_dlfcn_h=yes
ac_cv_header_errno_h=yes
ac_cv_header_fcntl_h=yes
ac_cv_header_inttypes_h=yes
ac_cv_header_memory_h=yes
ac_cv_header_net_errno_h=no
ac_cv_header_paths_h=yes
ac_cv_header_setjmp_h=yes
ac_cv_header_signal_h=yes
ac_cv_header_stdarg_h=yes
ac_cv_header_stdc=yes
ac_cv_header_stdint_h=yes
ac_cv_header_stdio_h=yes
ac_cv_header_stdlib_h=yes
ac_cv_header_string_h=yes
ac_cv_header_strings_h=yes
ac_cv_header_sys_resource_h=yes
ac_cv_header_sys_select_h=yes
ac_cv_header_sys_socket_h=yes
ac_cv_header_sys_socketcall_h=no
ac_cv_header_sys_stat_h=yes
ac_cv_header_sys_syscall_h=yes
ac_cv_header_sys_time_h=yes
ac_cv_header_sys_types_h=yes
ac_cv_header_sys_uio_h=yes
ac_cv_header_sys_wait_h=yes
ac_cv_header_ucontext_h=yes
ac_cv_header_unistd_h=yes
ac_cv_host=x86_64-unknown-linux-gnu
ac_cv_host_alias=x86_64-unknown-linux-gnu
ac_cv_lib_dl_dlsym=yes
ac_cv_lib_nsl_gethostname=yes
ac_cv_lib_socket_accept=no
ac_cv_objext=o
ac_cv_prog_CPP='gcc -E'
ac_cv_prog_CXXCPP='g++ -E'
ac_cv_prog_ac_ct_AR=ar
ac_cv_prog_ac_ct_CC=gcc
ac_cv_prog_ac_ct_CXX=g++
ac_cv_prog_ac_ct_F77=f95
ac_cv_prog_ac_ct_RANLIB=ranlib
ac_cv_prog_ac_ct_STRIP=strip
ac_cv_prog_cc_g=yes
ac_cv_prog_cc_stdc=
ac_cv_prog_cxx_g=yes
ac_cv_prog_egrep='grep -E'
ac_cv_prog_f77_g=yes
ac_cv_prog_make_make_set=yes
ac_cv_stacksetup_makecontext='ok:(skaddr),(sksize)'
ac_cv_stacksetup_sigaltstack='ok:(skaddr),(sksize)'
ac_cv_stacksetup_sigstack='ok:(skaddr),(sksize)'
ac_cv_structattr_ss_base=no
ac_cv_structattr_ss_sp=no
ac_cv_type_longdouble=yes
ac_cv_type_longlong=yes
ac_cv_typedef_nfds_t=yes
ac_cv_typedef_off_t=yes
ac_cv_typedef_pid_t=yes
ac_cv_typedef_sig_atomic_t=yes
ac_cv_typedef_size_t=yes
ac_cv_typedef_socklen_t=yes
ac_cv_typedef_ssize_t=yes
ac_cv_typedef_stack_t=yes
lt_cv_deplibs_check_method=pass_all
lt_cv_file_magic_cmd='$MAGIC_CMD'
lt_cv_file_magic_test_file=
lt_cv_ld_reload_flag=-r
lt_cv_objdir=.libs
lt_cv_path_LD=/usr/bin/ld
lt_cv_path_LDCXX='/usr/bin/ld -m elf_x86_64'
lt_cv_path_NM='/usr/bin/nm -B'
lt_cv_path_SED=/usr/bin/sed
lt_cv_prog_compiler_c_o=yes
lt_cv_prog_compiler_c_o_CXX=yes
lt_cv_prog_compiler_c_o_F77=yes
lt_cv_prog_compiler_rtti_exceptions=no
lt_cv_prog_gnu_ld=yes
lt_cv_prog_gnu_ldcxx=yes
lt_cv_sys_global_symbol_pipe='sed -n -e '\''s/^.*[ 	]\([ABCDGIRSTW][ABCDGIRSTW]*\)[ 	][ 	]*\([_A-Za-z][_A-Za-z0-9]*\)$/\1 \2 \2/p'\'''
lt_cv_sys_global_symbol_to_c_name_address='sed -n -e '\''s/^: \([^ ]*\) $/  {\"\1\", (lt_ptr) 0},/p'\'' -e '\''s/^[BCDEGRST] \([^ ]*\) \([^ ]*\)$/  {"\2", (lt_ptr) \&\2},/p'\'''
lt_cv_sys_global_symbol_to_cdecl='sed -n -e '\''s/^. .* \(.*\)$/extern int \1;/p'\'''
lt_cv_sys_max_cmd_len=32768
lt_lt_cv_prog_compiler_c_o='"yes"'
lt_lt_cv_prog_compiler_c_o_CXX='"yes"'
lt_lt_cv_prog_compiler_c_o_F77='"yes"'
lt_lt_cv_sys_global_symbol_pipe='"sed -n -e '\''s/^.*[ 	]\\([ABCDGIRSTW][ABCDGIRSTW]*\\)[ 	][ 	]*\\([_A-Za-z][_A-Za-z0-9]*\\)\$/\\1 \\2 \\2/p'\''"'
lt_lt_cv_sys_global_symbol_to_c_name_address='"sed -n -e '\''s/^: \\([^ ]*\\) \$/  {\\\"\\1\\\", (lt_ptr) 0},/p'\'' -e '\''s/^[BCDEGRST] \\([^ ]*\\) \\([^ ]*\\)\$/  {\"\\2\", (lt_ptr) \\&\\2},/p'\''"'
lt_lt_cv_sys_global_symbol_to_cdecl='"sed -n -e '\''s/^. .* \\(.*\\)\$/extern int \\1;/p'\''"'

## ----------------- ##
## Output variables. ##
## ----------------- ##

AR='ar'
BATCH='no'
CC='gcc'
CFLAGS='-I.. -pipe'
CPP='gcc -E'
CPPFLAGS=''
CXX='g++'
CXXCPP='g++ -E'
CXXFLAGS='-g -O2'
DEFS='-DHAVE_CONFIG_H'
ECHO='echo'
ECHO_C=''
ECHO_N='-n'
ECHO_T=''
EGREP='grep -E'
EXEEXT=''
EXTRA_INCLUDE_SYS_SELECT_H='#include <sys/select.h>'
F77='f95'
FALLBACK_NFDS_T='/* typedef nfds_t nfds_t; */'
FALLBACK_OFF_T='/* typedef int off_t; */'
FALLBACK_PID_T='/* typedef int pid_t; */'
FALLBACK_SIG_ATOMIC_T='/* typedef int sig_atomic_t; */'
FALLBACK_SIZE_T='/* typedef unsigned int size_t; */'
FALLBACK_SOCKLEN_T='/* typedef socklen_t socklen_t; */'
FALLBACK_SSIZE_T='/* typedef unsigned int ssize_t; */'
FFLAGS='-g -O2'
INSTALL_PTHREAD=''
LDFLAGS=''
LIBOBJS=''
LIBPTHREAD_A=''
LIBPTHREAD_LA=''
LIBS='-ldl -lnsl '
LIBTOOL='$(SHELL) $(top_builddir)/libtool'
LN_S='ln -s'
LTLIBOBJS=''
OBJEXT='o'
PACKAGE_BUGREPORT=''
PACKAGE_NAME=''
PACKAGE_STRING=''
PACKAGE_TARNAME=''
PACKAGE_VERSION=''
PATH_SEPARATOR=':'
PLATFORM='x86_64-unknown-linux-gnu'
PTHREAD_3=''
PTHREAD_CONFIG_1=''
PTHREAD_O=''
PTH_EXT_SFIO='0'
PTH_FAKE_POLL='0'
PTH_FAKE_RWV='0'
PTH_FDSETSIZE='1024'
PTH_MCTX_ID='mcsc/sc/mc'
PTH_STACK_GROWTH='down'
PTH_SYSCALL_HARD='0'
PTH_SYSCALL_SOFT='0'
PTH_VERSION_HEX='0x200207'
PTH_VERSION_STR='2.0.7 (08-Jun-2006)'
RANLIB='ranlib'
SET_MAKE=''
SHELL='/bin/sh'
STRIP='strip'
TARGET_ALL='$(TARGET_PREQ) $(TARGET_LIBS) $(TARGET_TEST)'
TEST_PTHREAD=''
UNINSTALL_PTHREAD=''
ac_ct_AR='ar'
ac_ct_CC='gcc'
ac_ct_CXX='g++'
ac_ct_F77='f95'
ac_ct_RANLIB='ranlib'
ac_ct_STRIP='strip'
bindir='${exec_prefix}/bin'
build='x86_64-unknown-linux-gnu'
build_alias=''
build_cpu='x86_64'
build_os='linux-gnu'
build_vendor='unknown'
datadir='${prefix}/share'
exec_prefix='${prefix}'
host='x86_64-unknown-linux-gnu'
host_alias=''
host_cpu='x86_64'
host_os='linux-gnu'
host_vendor='unknown'
includedir='${prefix}/include'
infodir='${prefix}/info'
libdir='${exec_prefix}/lib'
libexecdir='${exec_prefix}/libexec'
localstatedir='${prefix}/var'
mandir='${prefix}/man'
oldincludedir='/usr/include'
prefix='/home/night/S4/PBT/PBT-MPP-TD2-ETUDIANT/pth-2.0.7/install/'
program_transform_name='s,x,x,'
pth_sigjmpbuf='#define pth_sigjmpbuf '
pth_siglongjmp='#define pth_siglongjmp(buf,val) '
pth_sigsetjmp='#define pth_sigsetjmp(buf) '
pth_skaddr_makecontext='#define pth_skaddr_makecontext(skaddr,sksize) ((skaddr))'
pth_skaddr_sigaltstack='#define pth_skaddr_sigaltstack(skaddr,sksize) ((skaddr))'
pth_skaddr_sigstack='#define pth_skaddr_sigstack(skaddr,sksize) ((skaddr))'
pth_sksize_makecontext='#define pth_sksize_makecontext(skaddr,sksize) ((sksize))'
pth_sksize_sigaltstack='#define pth_sksize_sigaltstack(skaddr,sksize) ((sksize))'
pth_sksize_sigstack='#define pth_sksize_sigstack(skaddr,sksize) ((sksize))'
sbindir='${exec_prefix}/sbin'
sharedstatedir='${prefix}/com'
srcdir_prefix='../'
sysconfdir='${prefix}/etc'
target_alias=''

## ----------- ##
## confdefs.h. ##
## ----------- ##

#define HAVE_DLCLOSE 1
#define HAVE_DLFCN_H 1
#define HAVE_DLFCN_H 1
#define HAVE_DLOPEN 1
#define HAVE_DLSYM 1
#define HAVE_ERRNO_H 1
#define HAVE_FCNTL_H 1
#define HAVE_GETCONTEXT 1
#define HAVE_GETTIMEOFDAY 1
#define HAVE_INTTYPES_H 1
#define HAVE_LIBDL 1
#define HAVE_LIBNSL 1
#define HAVE_LONGDOUBLE 1
#define HAVE_LONGJMP 1
#define HAVE_LONGLONG 1
#define HAVE_MAKECONTEXT 1
#define HAVE_MAKECONTEXT 1
#define HAVE_MEMORY_H 1
#define HAVE_NFDS_T 1
#define HAVE_OFF_T 1
#define HAVE_PATHS_H 1
#define HAVE_PID_T 1
#define HAVE_POLL 1
#define HAVE_POLLIN 1
#define HAVE_READV 1
#define HAVE_RTLD_NEXT 1
#define HAVE_SELECT 1
#define HAVE_SETCONTEXT 1
#define HAVE_SETJMP 1
#define HAVE_SETJMP_H 1
#define HAVE_SIGACTION 1
#define HAVE_SIGALTSTACK 1
#define HAVE_SIGALTSTACK 1
#define HAVE_SIGLONGJMP 1
#define HAVE_SIGNAL_H 1
#define HAVE_SIGNAL_H 1
#define HAVE_SIGPENDING 1
#define HAVE_SIGPROCMASK 1
#define HAVE_SIGSTACK 1
#define HAVE_SIGSTACK 1
#define HAVE_SIGSUSPEND 1
#define HAVE_SIG_ATOMIC_T 1
#define HAVE_SIZE_T 1
#define HAVE_SOCKLEN_T 1
#define HAVE_SSIZE_T 1
#define HAVE_STACK_T 1
#define HAVE_STACK_T 1
#define HAVE_STACK_T 1
#define HAVE_STDARG_H 1
#define HAVE_STDINT_H 1
#define HAVE_STDIO_H 1
#define HAVE_STDLIB_H 1
#define HAVE_STDLIB_H 1
#define HAVE_STRERROR 1
#define HAVE_STRINGS_H 1
#define HAVE_STRING_H 1
#define HAVE_STRING_H 1
#define HAVE_STRUCT_TIMESPEC 1
#define HAVE_SWAPCONTEXT 1
#define HAVE_SYSCALL 1
#define HAVE_SYS_READ 1
#define HAVE_SYS_RESOURCE_H 1
#define HAVE_SYS_SELECT_H 1
#define HAVE_SYS_SOCKET_H 1
#define HAVE_SYS_STAT_H 1
#define HAVE_SYS_STAT_H 1
#define HAVE_SYS_SYSCALL_H 1
#define HAVE_SYS_TIME_H 1
#define HAVE_SYS_TYPES_H 1
#define HAVE_SYS_TYPES_H 1
#define HAVE_SYS_UIO_H 1
#define HAVE_SYS_WAIT_H 1
#define HAVE_UNISTD_H 1
#define HAVE_UNISTD_H 1
#define HAVE_USLEEP 1
#define HAVE_WRITEV 1
#define HAVE__LONGJMP 1
#define HAVE__SETJMP 1
#define PACKAGE_BUGREPORT ""
#define PACKAGE_NAME ""
#define PACKAGE_STRING ""
#define PACKAGE_TARNAME ""
#define PACKAGE_VERSION ""
#define PTH_MCTX_DSP_use PTH_MCTX_DSP_sc
#define PTH_MCTX_MTH_use PTH_MCTX_MTH_mcsc
#define PTH_MCTX_STK_use PTH_MCTX_STK_mc
#define PTH_NSIG 65
#define PTH_STACKGROWTH -1
#define PTH_SYSCALL_LIBS "/usr/lib/libnsl.so:/lib/libnsl.so:/usr/lib/libc.so:/lib/libc.so"
#define STDC_HEADERS 1
#define STDC_HEADERS 1
#endif
#ifdef __cplusplus
extern "C" void std::exit (int) throw (); using std::exit;

configure: exit 0
